2025-07-09 13:52:01.967: [INFO] VisibilityChanged: 0
2025-07-09 13:52:02.013: [INFO] RecordSyncInitDuration has_sync_been_enabled: 0 state: 0
2025-07-09 13:52:02.013: [INFO] RecordSyncInitDuration has_sync_been_enabled: 0 state: 0
2025-07-09 13:52:02.013: [INFO] RecordSyncInitDuration has_sync_been_enabled: 0 state: 0
2025-07-09 13:52:02.014: [INFO] RecordSyncInitDuration has_sync_been_enabled: 0 state: 0
2025-07-09 13:52:02.014: [INFO] RecordSyncInitDuration has_sync_been_enabled: 0 state: 0
2025-07-09 13:52:02.015: [INFO] RecordSyncInitDuration has_sync_been_enabled: 0 state: 0
2025-07-09 13:52:02.015: [INFO] RecordSyncInitDuration has_sync_been_enabled: 0 state: 0
2025-07-09 13:52:02.016: [INFO] RecordSyncInitDuration has_sync_been_enabled: 0 state: 0
2025-07-09 13:52:02.016: [INFO] RecordSyncInitDuration has_sync_been_enabled: 0 state: 0
2025-07-09 13:52:02.017: [INFO] RecordSyncInitDuration has_sync_been_enabled: 0 state: 0
2025-07-09 13:52:02.017: [INFO] RecordSyncInitDuration has_sync_been_enabled: 0 state: 0
2025-07-09 13:52:02.027: [INFO] BookmarkModelLoaded, ids_reassigned: 0
2025-07-09 13:52:02.027: [INFO] OnDoneLoading sync enabled: 0
2025-07-09 13:52:02.084: [INFO] RecordSyncInitDuration has_sync_been_enabled: 0 state: 0
2025-07-09 13:52:02.172: [INFO] RecordSyncInitDuration has_sync_been_enabled: 0 state: 3
2025-07-09 13:52:02.175: [INFO] Primary account changed.
2025-07-09 13:52:02.175: [INFO] OnPrimaryAccountChanged PrimaryAccountChangeEvent::Type::kSet
2025-07-09 13:52:02.179: [INFO] RecordSyncInitDuration has_sync_been_enabled: 0 state: 3
2025-07-09 13:52:02.327: [INFO] RecordSyncInitDuration has_sync_been_enabled: 0 state: 3
2025-07-09 13:52:42.416: [INFO] BookmarkNodeAdded, ABU: 0
2025-07-09 13:52:42.416: [INFO] BookmarkNodeAdded, ABU: 0
2025-07-09 13:52:42.416: [INFO] BookmarkNodeAdded, ABU: 0
2025-07-09 13:52:42.416: [INFO] BookmarkNodeAdded, ABU: 0
2025-07-09 13:52:42.416: [INFO] BookmarkNodeAdded, ABU: 0
2025-07-09 13:52:42.416: [INFO] BookmarkNodeAdded, ABU: 0
2025-07-09 13:52:42.416: [INFO] BookmarkNodeAdded, ABU: 0
2025-07-09 13:52:42.416: [INFO] BookmarkNodeAdded, ABU: 0
2025-07-09 13:52:42.416: [INFO] BookmarkNodeAdded, ABU: 0
2025-07-09 13:52:42.416: [INFO] BookmarkNodeAdded, ABU: 0
2025-07-09 13:52:42.416: [INFO] BookmarkNodeAdded, ABU: 0
2025-07-09 13:52:42.416: [INFO] BookmarkNodeAdded, ABU: 0
2025-07-09 13:52:42.417: [INFO] BookmarkNodeAdded, ABU: 0
2025-07-09 13:52:42.417: [INFO] BookmarkNodeAdded, ABU: 0
2025-07-09 13:52:42.417: [INFO] BookmarkNodeAdded, ABU: 0
2025-07-09 13:52:42.417: [INFO] BookmarkNodeAdded, ABU: 0
2025-07-09 13:52:42.417: [INFO] BookmarkNodeAdded, ABU: 0
2025-07-09 13:52:42.417: [INFO] BookmarkNodeAdded, ABU: 0
2025-07-09 13:52:42.417: [INFO] BookmarkNodeAdded, ABU: 0
2025-07-09 13:52:42.417: [INFO] BookmarkNodeAdded, ABU: 0
2025-07-09 13:52:42.417: [INFO] BookmarkNodeAdded, ABU: 0
2025-07-09 13:52:42.417: [INFO] BookmarkNodeAdded, ABU: 0
2025-07-09 13:52:42.417: [INFO] BookmarkNodeAdded, ABU: 0
2025-07-09 13:52:42.417: [INFO] BookmarkNodeAdded, ABU: 0
2025-07-09 13:52:42.417: [INFO] BookmarkNodeAdded, ABU: 0
2025-07-09 13:52:42.417: [INFO] BookmarkNodeAdded, ABU: 0
2025-07-09 13:52:42.417: [INFO] BookmarkNodeAdded, ABU: 0
2025-07-09 13:52:42.417: [INFO] BookmarkNodeAdded, ABU: 0
2025-07-09 13:52:42.417: [INFO] BookmarkNodeAdded, ABU: 0
2025-07-09 13:52:42.417: [INFO] BookmarkNodeAdded, ABU: 0
2025-07-09 13:52:42.417: [INFO] BookmarkNodeAdded, ABU: 0
2025-07-09 13:52:42.417: [INFO] BookmarkNodeAdded, ABU: 0
2025-07-09 13:52:42.417: [INFO] BookmarkNodeAdded, ABU: 0
2025-07-09 13:52:42.417: [INFO] BookmarkNodeAdded, ABU: 0
2025-07-09 13:52:42.418: [INFO] BookmarkNodeAdded, ABU: 0
2025-07-09 13:52:42.418: [INFO] BookmarkNodeAdded, ABU: 0
2025-07-09 13:52:42.418: [INFO] BookmarkNodeAdded, ABU: 0
2025-07-09 13:52:42.418: [INFO] BookmarkNodeAdded, ABU: 0
2025-07-09 13:52:46.407: [INFO] Sync initialization duration: 43984ms
2025-07-10 01:38:35.660: [INFO] VisibilityChanged: 0
2025-07-10 01:38:35.714: [INFO] BookmarkModelLoaded, ids_reassigned: 0
2025-07-10 01:38:35.714: [INFO] OnDoneLoading sync enabled: 1
2025-07-10 01:38:39.276: [INFO] Sync initialization duration: 3393ms
2025-07-10 01:40:38.261: [INFO] VisibilityChanged: 0
2025-07-10 01:40:38.323: [INFO] BookmarkModelLoaded, ids_reassigned: 0
2025-07-10 01:40:38.324: [INFO] OnDoneLoading sync enabled: 1
2025-07-10 01:40:41.251: [INFO] Sync initialization duration: 2751ms
2025-07-10 01:53:04.834: [INFO] VisibilityChanged: 0
2025-07-10 01:53:04.892: [INFO] BookmarkModelLoaded, ids_reassigned: 0
2025-07-10 01:53:04.892: [INFO] OnDoneLoading sync enabled: 1
2025-07-10 01:53:09.119: [INFO] Sync initialization duration: 4078ms
2025-07-10 02:18:49.911: [INFO] VisibilityChanged: 0
2025-07-10 02:18:49.970: [INFO] BookmarkModelLoaded, ids_reassigned: 0
2025-07-10 02:18:49.970: [INFO] OnDoneLoading sync enabled: 1
2025-07-10 02:18:52.807: [INFO] Sync initialization duration: 2669ms
2025-07-10 02:26:52.584: [INFO] VisibilityChanged: 0
2025-07-10 02:26:52.640: [INFO] BookmarkModelLoaded, ids_reassigned: 0
2025-07-10 02:26:52.640: [INFO] OnDoneLoading sync enabled: 1
2025-07-10 02:26:56.033: [INFO] Sync initialization duration: 3210ms
