{"logTime": "0709/135212", "correlationVector":"kC/+aZq2SB212PXOygyKf7.1","action":"SyncServerConnectionManagerRequest", "result":"SYNC_SERVER_OK", "context":{"environment":"Prod_westeurope_prod-s01-079-eur-westeurope", "migrationStage":"NotStarted", "server":"akswtt01000003i"}}
{"logTime": "0709/135212", "correlationVector":"kC/+aZq2SB212PXOygyKf7.2","action":"ProcessGetUpdates", "result":"Done", "context":{"dataType":"Encryption Keys", "deleted":"0", "process_failed_to_decrypt":"0", "process_pending_decryption":"0", "process_success":"1", "total":"1"}}
{"logTime": "0709/135223", "correlationVector":"PC7LS7BRPxHHn6YheQHlId","action":"SyncServerConnectionManagerRequest", "result":"SYNC_SERVER_OK", "context":{"environment":"", "migrationStage":"", "server":""}}
{"logTime": "0709/135223", "correlationVector":"PC7LS7BRPxHHn6YheQHlId.0","action":"EncryptionKeysFetcher.DownloadKeys:", "result":"Success", "context":Key count: 10, Last key timestamp: 2025-06-02T00:50:17Z}
{"logTime": "0709/135223", "correlationVector":"PC7LS7BRPxHHn6YheQHlId.1","action":"EncryptionKeysManager::SetEncryptionKeys:", "result":"Success", "context":Key names[10]:[SOFeJKd4LH+fYKr3obTU6DmpFgIUrVyo2WUmczJKSgRnCBgNNTy6Jcvlqhj/YdPzrAkoT0Wm7gEIhvQbAWeLBw==][QeowHD2AFQKpgKZORsZkdWL34WFNLIt09C8OZDczFpqcP4bxBmcayEb8e4Sk/L3XGUgxPXaJN1jnGI3TEyzE0w==][O1DOIosGr1Z78fFxBljP4oT9+wJWmKQsMDOf6IQn+qqzX358XTcyvEzr9FR4Mz2DGCG3sz7QdDRYSVQwb6AH1w==][tqzHhMv0kGxDHTFeA/ac+rXpRoak/7x4mYu6QulAxSGjryecji5s2/jzh2HEmrOnlaEq9Bd9UjXbkvDf6JZsOw==][yStBXejJ5nIXPQpj7CEgH1bb/u16ZzYeo+tDV+CdeudNVaLZOdYKHp7ghIfrhSD95W8PPHygx+qsUMBohpbNcw==][TXHmOdr8Cka4YAhpb2FgqOElYAAW0CfBxzno+r4Z0XfkCrlhY5pLCYHroJdIZktnn1wyJalCCdsd6yn3nJG/lw==][Is2bReGs8XJEftc1ANHi17L0hzzzqIsaix3tGpire03FK4H66sHAAg4OQ1RPtG175CN0dM3ZJOxwQXnIWzQeQQ==][QGwo7RZK6taMTsupzeY/vjnZGt9NPlpbJu6XVvV+WqLkz9VZfcPFJbBGqCKmz5icO5k+vkH8jekwsCXQfnJMJA==][y1T8oAUNTssbhiAlpzEJAngYspjOYyHtq7cDJfABKg1dWAco+XQp2qAuAXDsLn2IV8dbe4Lj2X88k/vUaS/ENQ==][P+MZjxbmL17tjpSkuvaps8yWW9wzLwzcdCKV65npIcK9CGZkaKcRczC9dynHSEitrW8TQcPbZiKUbpNFHAK+qg==]}
{"logTime": "0709/135223", "correlationVector":"PC7LS7BRPxHHn6YheQHlId.2","action":"EncryptionKeysManager::SetEncryptionKeysWithTimestamps:", "result":"Success", "context":Key timestamps[10]:[2021-04-29T20:43:37Z][2021-11-12T12:42:25Z][2022-05-11T13:53:26Z][2022-11-09T11:08:29Z][2023-05-21T19:51:03Z][2023-10-04T04:25:04Z][2024-03-26T10:10:12Z][2024-09-22T15:20:49Z][2024-10-04T23:19:50Z][2025-06-02T00:50:17Z]}
{"logTime": "0709/135223", "correlationVector":"kC/+aZq2SB212PXOygyKf7","action":"Initial GetUpdates", "result":"", "context":Reason: NEW_CLIENT. cV=kC/+aZq2SB212PXOygyKf7}
{"logTime": "0709/135223", "correlationVector":"kC/+aZq2SB212PXOygyKf7.3","action":"GetUpdates Response", "result":"Success", "context":Received 1 update(s). cV=kC/+aZq2SB212PXOygyKf7.0;server=akswtt01000003i;cloudType=Consumer;environment=Prod_westeurope_prod-s01-079-eur-westeurope;migrationStage=NotStarted}
{"logTime": "0709/135223", "correlationVector":"DMuOXW4or+ZmlT4TsE57ID","action":"Initial GetUpdates", "result":"", "context":Reason: NEWLY_SUPPORTED_DATATYPE. cV=DMuOXW4or+ZmlT4TsE57ID}
{"logTime": "0709/135239", "correlationVector":"DMuOXW4or+ZmlT4TsE57ID.1","action":"SyncServerConnectionManagerRequest", "result":"SYNC_SERVER_OK", "context":{"environment":"Prod_westeurope_prod-s01-079-eur-westeurope", "migrationStage":"NotStarted", "server":"akswtt010000016"}}
{"logTime": "0709/135239", "correlationVector":"DMuOXW4or+ZmlT4TsE57ID.2","action":"ProcessGetUpdates", "result":"Done", "context":{"dataType":"Preferences", "deleted":"0", "process_failed_to_decrypt":"0", "process_pending_decryption":"0", "process_success":"78", "total":"78"}}
{"logTime": "0709/135239", "correlationVector":"DMuOXW4or+ZmlT4TsE57ID.3","action":"ProcessGetUpdates", "result":"Done", "context":{"dataType":"Passwords", "deleted":"0", "process_failed_to_decrypt":"0", "process_pending_decryption":"0", "process_success":"157", "total":"157"}}
{"logTime": "0709/135239", "correlationVector":"DMuOXW4or+ZmlT4TsE57ID.4","action":"ProcessGetUpdates", "result":"Done", "context":{"dataType":"Device Info", "deleted":"0", "process_failed_to_decrypt":"0", "process_pending_decryption":"0", "process_success":"15", "total":"15"}}
{"logTime": "0709/135239", "correlationVector":"DMuOXW4or+ZmlT4TsE57ID.5","action":"GetUpdates Response", "result":"Success", "context":Received 250 update(s). cV=DMuOXW4or+ZmlT4TsE57ID.0;server=akswtt010000016;cloudType=Consumer;environment=Prod_westeurope_prod-s01-079-eur-westeurope;migrationStage=NotStarted Some updates remain.}
{"logTime": "0709/135239", "correlationVector":"HqfEuJczGR3PJXvgIlChS8","action":"Initial GetUpdates", "result":"", "context":Reason: NEWLY_SUPPORTED_DATATYPE. cV=HqfEuJczGR3PJXvgIlChS8}
{"logTime": "0709/135241", "correlationVector":"HqfEuJczGR3PJXvgIlChS8.1","action":"SyncServerConnectionManagerRequest", "result":"SYNC_SERVER_OK", "context":{"environment":"Prod_westeurope_prod-s01-079-eur-westeurope", "migrationStage":"NotStarted", "server":"akswtt01000004n"}}
{"logTime": "0709/135241", "correlationVector":"HqfEuJczGR3PJXvgIlChS8.2","action":"ProcessGetUpdates", "result":"Done", "context":{"dataType":"Preferences", "deleted":"0", "process_failed_to_decrypt":"0", "process_pending_decryption":"0", "process_success":"16", "total":"16"}}
{"logTime": "0709/135241", "correlationVector":"HqfEuJczGR3PJXvgIlChS8.3","action":"ProcessGetUpdates", "result":"Done", "context":{"dataType":"Passwords", "deleted":"1", "process_failed_to_decrypt":"0", "process_pending_decryption":"0", "process_success":"74", "total":"74"}}
{"logTime": "0709/135241", "correlationVector":"HqfEuJczGR3PJXvgIlChS8.4","action":"ProcessGetUpdates", "result":"Done", "context":{"dataType":"Device Info", "deleted":"0", "process_failed_to_decrypt":"0", "process_pending_decryption":"0", "process_success":"1", "total":"1"}}
{"logTime": "0709/135241", "correlationVector":"HqfEuJczGR3PJXvgIlChS8.5","action":"GetUpdates Response", "result":"Success", "context":Received 91 update(s). cV=HqfEuJczGR3PJXvgIlChS8.0;server=akswtt01000004n;cloudType=Consumer;environment=Prod_westeurope_prod-s01-079-eur-westeurope;migrationStage=NotStarted}
{"logTime": "0709/135241", "correlationVector":"5nKul17l8EmFraxTY2qTL2","action":"Initial GetUpdates", "result":"", "context":Reason: NEWLY_SUPPORTED_DATATYPE. cV=5nKul17l8EmFraxTY2qTL2}
{"logTime": "0709/135242", "correlationVector":"5nKul17l8EmFraxTY2qTL2.1","action":"SyncServerConnectionManagerRequest", "result":"SYNC_SERVER_OK", "context":{"environment":"Prod_westeurope_prod-s01-079-eur-westeurope", "migrationStage":"NotStarted", "server":"akswtt010000013"}}
{"logTime": "0709/135242", "correlationVector":"5nKul17l8EmFraxTY2qTL2.2","action":"ProcessGetUpdates", "result":"Done", "context":{"dataType":"Bookmarks", "deleted":"111", "process_failed_to_decrypt":"0", "process_pending_decryption":"0", "process_success":"154", "total":"154"}}
{"logTime": "0709/135242", "correlationVector":"5nKul17l8EmFraxTY2qTL2.3","action":"GetUpdates Response", "result":"Success", "context":Received 154 update(s). cV=5nKul17l8EmFraxTY2qTL2.0;server=akswtt010000013;cloudType=Consumer;environment=Prod_westeurope_prod-s01-079-eur-westeurope;migrationStage=NotStarted}
{"logTime": "0709/135242", "correlationVector":"Q63hPdgcNju9p+WgemvvkV","action":"Initial GetUpdates", "result":"", "context":Reason: NEWLY_SUPPORTED_DATATYPE. cV=Q63hPdgcNju9p+WgemvvkV}
{"logTime": "0709/135245", "correlationVector":"Q63hPdgcNju9p+WgemvvkV.1","action":"SyncServerConnectionManagerRequest", "result":"SYNC_SERVER_OK", "context":{"environment":"Prod_westeurope_prod-s01-079-eur-westeurope", "migrationStage":"NotStarted", "server":"akswtt01000000g"}}
{"logTime": "0709/135245", "correlationVector":"Q63hPdgcNju9p+WgemvvkV.2","action":"ProcessGetUpdates", "result":"Done", "context":{"dataType":"Autofill Profiles", "deleted":"4", "process_failed_to_decrypt":"0", "process_pending_decryption":"0", "process_success":"6", "total":"6"}}
{"logTime": "0709/135245", "correlationVector":"Q63hPdgcNju9p+WgemvvkV.3","action":"ProcessGetUpdates", "result":"Done", "context":{"dataType":"Autofill", "deleted":"0", "process_failed_to_decrypt":"0", "process_pending_decryption":"0", "process_success":"95", "total":"95"}}
{"logTime": "0709/135245", "correlationVector":"Q63hPdgcNju9p+WgemvvkV.4","action":"ProcessGetUpdates", "result":"Done", "context":{"dataType":"Extensions", "deleted":"0", "process_failed_to_decrypt":"0", "process_pending_decryption":"0", "process_success":"2", "total":"2"}}
{"logTime": "0709/135245", "correlationVector":"Q63hPdgcNju9p+WgemvvkV.5","action":"ProcessGetUpdates", "result":"Done", "context":{"dataType":"Sessions", "deleted":"31", "process_failed_to_decrypt":"0", "process_pending_decryption":"0", "process_success":"31", "total":"31"}}
{"logTime": "0709/135245", "correlationVector":"Q63hPdgcNju9p+WgemvvkV.6","action":"ProcessGetUpdates", "result":"Done", "context":{"dataType":"Extension settings", "deleted":"0", "process_failed_to_decrypt":"0", "process_pending_decryption":"0", "process_success":"2", "total":"2"}}
{"logTime": "0709/135245", "correlationVector":"Q63hPdgcNju9p+WgemvvkV.7","action":"ProcessGetUpdates", "result":"Done", "context":{"dataType":"Collection", "deleted":"0", "process_failed_to_decrypt":"0", "process_pending_decryption":"0", "process_success":"114", "total":"114"}}
{"logTime": "0709/135245", "correlationVector":"Q63hPdgcNju9p+WgemvvkV.8","action":"GetUpdates Response", "result":"Success", "context":Received 250 update(s). cV=Q63hPdgcNju9p+WgemvvkV.0;server=akswtt01000000g;cloudType=Consumer;environment=Prod_westeurope_prod-s01-079-eur-westeurope;migrationStage=NotStarted Some updates remain.}
{"logTime": "0709/135245", "correlationVector":"dzUNTAi3hR7K+3rFxeB/J9","action":"Initial GetUpdates", "result":"", "context":Reason: NEWLY_SUPPORTED_DATATYPE. cV=dzUNTAi3hR7K+3rFxeB/J9}
{"logTime": "0709/135245", "correlationVector":"dzUNTAi3hR7K+3rFxeB/J9.1","action":"SyncServerConnectionManagerRequest", "result":"SYNC_SERVER_OK", "context":{"environment":"Prod_westeurope_prod-s01-079-eur-westeurope", "migrationStage":"NotStarted", "server":"akswtt01000004g"}}
{"logTime": "0709/135245", "correlationVector":"dzUNTAi3hR7K+3rFxeB/J9.2","action":"ProcessGetUpdates", "result":"Done", "context":{"dataType":"Autofill", "deleted":"0", "process_failed_to_decrypt":"0", "process_pending_decryption":"0", "process_success":"9", "total":"9"}}
{"logTime": "0709/135245", "correlationVector":"dzUNTAi3hR7K+3rFxeB/J9.3","action":"ProcessGetUpdates", "result":"Done", "context":{"dataType":"Extensions", "deleted":"1", "process_failed_to_decrypt":"0", "process_pending_decryption":"0", "process_success":"1", "total":"1"}}
{"logTime": "0709/135245", "correlationVector":"dzUNTAi3hR7K+3rFxeB/J9.4","action":"ProcessGetUpdates", "result":"Done", "context":{"dataType":"Sessions", "deleted":"181", "process_failed_to_decrypt":"0", "process_pending_decryption":"0", "process_success":"181", "total":"181"}}
{"logTime": "0709/135245", "correlationVector":"dzUNTAi3hR7K+3rFxeB/J9.5","action":"ProcessGetUpdates", "result":"Done", "context":{"dataType":"Saved Tab Group", "deleted":"33", "process_failed_to_decrypt":"0", "process_pending_decryption":"0", "process_success":"46", "total":"46"}}
{"logTime": "0709/135245", "correlationVector":"dzUNTAi3hR7K+3rFxeB/J9.6","action":"ProcessGetUpdates", "result":"Done", "context":{"dataType":"Collection", "deleted":"0", "process_failed_to_decrypt":"0", "process_pending_decryption":"0", "process_success":"7", "total":"7"}}
{"logTime": "0709/135245", "correlationVector":"dzUNTAi3hR7K+3rFxeB/J9.7","action":"ProcessGetUpdates", "result":"Done", "context":{"dataType":"Edge Hub App Usage", "deleted":"0", "process_failed_to_decrypt":"0", "process_pending_decryption":"0", "process_success":"6", "total":"6"}}
{"logTime": "0709/135245", "correlationVector":"dzUNTAi3hR7K+3rFxeB/J9.8","action":"GetUpdates Response", "result":"Success", "context":Received 250 update(s). cV=dzUNTAi3hR7K+3rFxeB/J9.0;server=akswtt01000004g;cloudType=Consumer;environment=Prod_westeurope_prod-s01-079-eur-westeurope;migrationStage=NotStarted Some updates remain.}
{"logTime": "0709/135245", "correlationVector":"llCJGlhlPsii6GgL5nsllA","action":"Initial GetUpdates", "result":"", "context":Reason: NEWLY_SUPPORTED_DATATYPE. cV=llCJGlhlPsii6GgL5nsllA}
{"logTime": "0709/135246", "correlationVector":"llCJGlhlPsii6GgL5nsllA.1","action":"SyncServerConnectionManagerRequest", "result":"SYNC_SERVER_OK", "context":{"environment":"Prod_westeurope_prod-s01-079-eur-westeurope", "migrationStage":"NotStarted", "server":"akswtt01000003e"}}
{"logTime": "0709/135246", "correlationVector":"llCJGlhlPsii6GgL5nsllA.2","action":"ProcessGetUpdates", "result":"Done", "context":{"dataType":"Autofill Profiles", "deleted":"0", "process_failed_to_decrypt":"0", "process_pending_decryption":"0", "process_success":"3", "total":"3"}}
{"logTime": "0709/135246", "correlationVector":"llCJGlhlPsii6GgL5nsllA.3","action":"ProcessGetUpdates", "result":"Done", "context":{"dataType":"Autofill", "deleted":"0", "process_failed_to_decrypt":"0", "process_pending_decryption":"0", "process_success":"57", "total":"57"}}
{"logTime": "0709/135246", "correlationVector":"llCJGlhlPsii6GgL5nsllA.4","action":"ProcessGetUpdates", "result":"Done", "context":{"dataType":"Sessions", "deleted":"103", "process_failed_to_decrypt":"0", "process_pending_decryption":"0", "process_success":"117", "total":"117"}}
{"logTime": "0709/135246", "correlationVector":"llCJGlhlPsii6GgL5nsllA.5","action":"ProcessGetUpdates", "result":"Done", "context":{"dataType":"Saved Tab Group", "deleted":"2", "process_failed_to_decrypt":"0", "process_pending_decryption":"0", "process_success":"8", "total":"8"}}
{"logTime": "0709/135246", "correlationVector":"llCJGlhlPsii6GgL5nsllA.6","action":"ProcessGetUpdates", "result":"Done", "context":{"dataType":"Edge Hub App Usage", "deleted":"0", "process_failed_to_decrypt":"0", "process_pending_decryption":"0", "process_success":"6", "total":"6"}}
{"logTime": "0709/135246", "correlationVector":"llCJGlhlPsii6GgL5nsllA.7","action":"GetUpdates Response", "result":"Success", "context":Received 191 update(s). cV=llCJGlhlPsii6GgL5nsllA.0;server=akswtt01000003e;cloudType=Consumer;environment=Prod_westeurope_prod-s01-079-eur-westeurope;migrationStage=NotStarted}
{"logTime": "0709/135246", "correlationVector":"2s/hWvGWvhSfSZ2pI1nPKq","action":"Initial GetUpdates", "result":"", "context":Reason: NEWLY_SUPPORTED_DATATYPE. cV=2s/hWvGWvhSfSZ2pI1nPKq}
{"logTime": "0709/135246", "correlationVector":"2s/hWvGWvhSfSZ2pI1nPKq.1","action":"SyncServerConnectionManagerRequest", "result":"SYNC_SERVER_OK", "context":{"environment":"Prod_westeurope_prod-s01-079-eur-westeurope", "migrationStage":"NotStarted", "server":"akswtt01000000q"}}
{"logTime": "0709/135246", "correlationVector":"2s/hWvGWvhSfSZ2pI1nPKq.2","action":"GetUpdates Response", "result":"Success", "context":Received 0 update(s). cV=2s/hWvGWvhSfSZ2pI1nPKq.0;server=akswtt01000000q;cloudType=Consumer;environment=Prod_westeurope_prod-s01-079-eur-westeurope;migrationStage=NotStarted}
{"logTime": "0709/135246", "correlationVector":"JbN7TVyc8b2ci/uPVY9HyL","action":"Normal GetUpdate request", "result":"", "context":cV=JbN7TVyc8b2ci/uPVY9HyL
Nudged types: Sessions, Device Info, User Consents
Refresh requested types: Bookmarks, Preferences, Passwords, Autofill Profiles, Autofill, Extensions, Sessions, Extension settings, History Delete Directives, Device Info, User Consents, Send Tab To Self, Web Apps, History, Saved Tab Group, WebAuthn Credentials, Collection, Edge E Drop, Edge Hub App Usage, Edge Wallet, Encryption Keys}
{"logTime": "0709/135248", "correlationVector":"JbN7TVyc8b2ci/uPVY9HyL.1","action":"SyncServerConnectionManagerRequest", "result":"SYNC_SERVER_OK", "context":{"environment":"Prod_westeurope_prod-s01-079-eur-westeurope", "migrationStage":"NotStarted", "server":"akswtt010000013"}}
{"logTime": "0709/135248", "correlationVector":"JbN7TVyc8b2ci/uPVY9HyL.2","action":"GetUpdates Response", "result":"Success", "context":Received 0 update(s). cV=JbN7TVyc8b2ci/uPVY9HyL.0;server=akswtt010000013;cloudType=Consumer;environment=Prod_westeurope_prod-s01-079-eur-westeurope;migrationStage=NotStarted}
{"logTime": "0709/135248", "correlationVector":"kP/o3Qqw9bKK/6ouNBJqC7","action":"DoCompareDataConsistency: ", "result":"has local changes and skip compare"}
{"logTime": "0709/135248", "correlationVector":"skbQD5fxnJlkFyhzwt/Gk8","action":"Commit Request", "result":"", "context":Item count: 9
Contributing types: Sessions, Device Info, User Consents, History, Collection}
{"logTime": "0709/135249", "correlationVector":"skbQD5fxnJlkFyhzwt/Gk8.1","action":"SyncServerConnectionManagerRequest", "result":"SYNC_SERVER_OK", "context":{"environment":"Prod_westeurope_prod-s01-079-eur-westeurope", "migrationStage":"NotStarted", "server":"akswtt010000011"}}
{"logTime": "0709/135249", "correlationVector":"skbQD5fxnJlkFyhzwt/Gk8.2","action":"Commit Response", "result":"Success", "context":Result: Success. cV=skbQD5fxnJlkFyhzwt/Gk8.0;server=akswtt010000011;cloudType=Consumer;environment=Prod_westeurope_prod-s01-079-eur-westeurope;migrationStage=NotStarted}
{"logTime": "0709/135302", "correlationVector":"+sb8kPUke2pbCd2PCILAOA","action":"Commit Request", "result":"", "context":Item count: 40
Contributing types: Passwords}
{"logTime": "0709/135305", "correlationVector":"+sb8kPUke2pbCd2PCILAOA.1","action":"SyncServerConnectionManagerRequest", "result":"SYNC_SERVER_OK", "context":{"environment":"Prod_westeurope_prod-s01-079-eur-westeurope", "migrationStage":"NotStarted", "server":"akswtt01000000q"}}
{"logTime": "0709/135305", "correlationVector":"+sb8kPUke2pbCd2PCILAOA.2","action":"Commit Response", "result":"Success", "context":Result: Success. cV=+sb8kPUke2pbCd2PCILAOA.0;server=akswtt01000000q;cloudType=Consumer;environment=Prod_westeurope_prod-s01-079-eur-westeurope;migrationStage=NotStarted}
{"logTime": "0709/135305", "correlationVector":"5gjCZtx625tX/hoB5tA2jP","action":"Commit Request", "result":"", "context":Item count: 40
Contributing types: Passwords}
{"logTime": "0709/135306", "correlationVector":"5gjCZtx625tX/hoB5tA2jP","action":"SyncServerConnectionManagerRequest", "result":"CONNECTION_UNAVAILABLE", "context":{"error_type":"net_error_code", "error_value":"-3"}}
{"logTime": "0710/013837", "correlationVector":"58taw0Kmrr6lE/mIFKFeYG.1","action":"SyncServerConnectionManagerRequest", "result":"SYNC_SERVER_OK", "context":{"environment":"Prod_francecentral_prod-s01-062-eur-francecentral", "migrationStage":"NotStarted", "server":"akswtt009000065"}}
{"logTime": "0710/013837", "correlationVector":"58taw0Kmrr6lE/mIFKFeYG.2","action":"ProcessGetUpdates", "result":"Done", "context":{"dataType":"Encryption Keys", "deleted":"0", "process_failed_to_decrypt":"0", "process_pending_decryption":"0", "process_success":"1", "total":"1"}}
{"logTime": "0710/013838", "correlationVector":"jn9QoLSM9A3jZP9d85qB45","action":"SyncServerConnectionManagerRequest", "result":"SYNC_SERVER_OK", "context":{"environment":"", "migrationStage":"", "server":""}}
{"logTime": "0710/013838", "correlationVector":"jn9QoLSM9A3jZP9d85qB45.0","action":"EncryptionKeysFetcher.DownloadKeys:", "result":"Success", "context":Key count: 10, Last key timestamp: 2025-06-02T00:50:17Z}
{"logTime": "0710/013838", "correlationVector":"jn9QoLSM9A3jZP9d85qB45.1","action":"EncryptionKeysManager::SetEncryptionKeys:", "result":"Success", "context":Key names[10]:[SOFeJKd4LH+fYKr3obTU6DmpFgIUrVyo2WUmczJKSgRnCBgNNTy6Jcvlqhj/YdPzrAkoT0Wm7gEIhvQbAWeLBw==][QeowHD2AFQKpgKZORsZkdWL34WFNLIt09C8OZDczFpqcP4bxBmcayEb8e4Sk/L3XGUgxPXaJN1jnGI3TEyzE0w==][O1DOIosGr1Z78fFxBljP4oT9+wJWmKQsMDOf6IQn+qqzX358XTcyvEzr9FR4Mz2DGCG3sz7QdDRYSVQwb6AH1w==][tqzHhMv0kGxDHTFeA/ac+rXpRoak/7x4mYu6QulAxSGjryecji5s2/jzh2HEmrOnlaEq9Bd9UjXbkvDf6JZsOw==][yStBXejJ5nIXPQpj7CEgH1bb/u16ZzYeo+tDV+CdeudNVaLZOdYKHp7ghIfrhSD95W8PPHygx+qsUMBohpbNcw==][TXHmOdr8Cka4YAhpb2FgqOElYAAW0CfBxzno+r4Z0XfkCrlhY5pLCYHroJdIZktnn1wyJalCCdsd6yn3nJG/lw==][Is2bReGs8XJEftc1ANHi17L0hzzzqIsaix3tGpire03FK4H66sHAAg4OQ1RPtG175CN0dM3ZJOxwQXnIWzQeQQ==][QGwo7RZK6taMTsupzeY/vjnZGt9NPlpbJu6XVvV+WqLkz9VZfcPFJbBGqCKmz5icO5k+vkH8jekwsCXQfnJMJA==][y1T8oAUNTssbhiAlpzEJAngYspjOYyHtq7cDJfABKg1dWAco+XQp2qAuAXDsLn2IV8dbe4Lj2X88k/vUaS/ENQ==][P+MZjxbmL17tjpSkuvaps8yWW9wzLwzcdCKV65npIcK9CGZkaKcRczC9dynHSEitrW8TQcPbZiKUbpNFHAK+qg==]}
{"logTime": "0710/013838", "correlationVector":"jn9QoLSM9A3jZP9d85qB45.2","action":"EncryptionKeysManager::SetEncryptionKeysWithTimestamps:", "result":"Success", "context":Key timestamps[10]:[2021-04-29T20:43:37Z][2021-11-12T12:42:25Z][2022-05-11T13:53:26Z][2022-11-09T11:08:29Z][2023-05-21T19:51:03Z][2023-10-04T04:25:04Z][2024-03-26T10:10:12Z][2024-09-22T15:20:49Z][2024-10-04T23:19:50Z][2025-06-02T00:50:17Z]}
{"logTime": "0710/013838", "correlationVector":"58taw0Kmrr6lE/mIFKFeYG","action":"Initial GetUpdates", "result":"", "context":Reason: NEW_CLIENT. cV=58taw0Kmrr6lE/mIFKFeYG}
{"logTime": "0710/013838", "correlationVector":"58taw0Kmrr6lE/mIFKFeYG.3","action":"GetUpdates Response", "result":"Success", "context":Received 1 update(s). cV=58taw0Kmrr6lE/mIFKFeYG.0;server=akswtt009000065;cloudType=Consumer;environment=Prod_francecentral_prod-s01-062-eur-francecentral;migrationStage=NotStarted}
{"logTime": "0710/013838", "correlationVector":"vtkx25KJgwfIFk9UZPCwzi","action":"Initial GetUpdates", "result":"", "context":Reason: NEWLY_SUPPORTED_DATATYPE. cV=vtkx25KJgwfIFk9UZPCwzi}
{"logTime": "0710/013839", "correlationVector":"vtkx25KJgwfIFk9UZPCwzi.1","action":"SyncServerConnectionManagerRequest", "result":"SYNC_SERVER_OK", "context":{"environment":"Prod_francecentral_prod-s01-062-eur-francecentral", "migrationStage":"NotStarted", "server":"akswtt00900003r"}}
{"logTime": "0710/013839", "correlationVector":"vtkx25KJgwfIFk9UZPCwzi.2","action":"ProcessGetUpdates", "result":"Done", "context":{"dataType":"Passwords", "deleted":"1", "process_failed_to_decrypt":"0", "process_pending_decryption":"0", "process_success":"231", "total":"231"}}
{"logTime": "0710/013839", "correlationVector":"vtkx25KJgwfIFk9UZPCwzi.3","action":"GetUpdates Response", "result":"Success", "context":Received 231 update(s). cV=vtkx25KJgwfIFk9UZPCwzi.0;server=akswtt00900003r;cloudType=Consumer;environment=Prod_francecentral_prod-s01-062-eur-francecentral;migrationStage=NotStarted}
{"logTime": "0710/013839", "correlationVector":"5D09Tw7hkDttMzr+/hhccK","action":"Normal GetUpdate request", "result":"", "context":cV=5D09Tw7hkDttMzr+/hhccK
Nudged types: Sessions, History
Refresh requested types: Bookmarks, Preferences, Passwords, Autofill Profiles, Autofill, Extensions, Sessions, Extension settings, History Delete Directives, Device Info, User Consents, Send Tab To Self, Web Apps, History, Saved Tab Group, WebAuthn Credentials, Collection, Edge E Drop, Edge Hub App Usage, Edge Wallet, Encryption Keys}
{"logTime": "0710/013839", "correlationVector":"5D09Tw7hkDttMzr+/hhccK.1","action":"SyncServerConnectionManagerRequest", "result":"SYNC_SERVER_OK", "context":{"environment":"Prod_francecentral_prod-s01-062-eur-francecentral", "migrationStage":"NotStarted", "server":"akswtt00900005e"}}
{"logTime": "0710/013839", "correlationVector":"5D09Tw7hkDttMzr+/hhccK.2","action":"ProcessGetUpdates", "result":"Done", "context":{"dataType":"Preferences", "deleted":"0", "process_failed_to_decrypt":"0", "process_pending_decryption":"0", "process_success":"3", "total":"3"}}
{"logTime": "0710/013839", "correlationVector":"5D09Tw7hkDttMzr+/hhccK.3","action":"ProcessGetUpdates", "result":"Done", "context":{"dataType":"Sessions", "deleted":"23", "process_failed_to_decrypt":"0", "process_pending_decryption":"0", "process_success":"41", "total":"41"}}
{"logTime": "0710/013839", "correlationVector":"5D09Tw7hkDttMzr+/hhccK.4","action":"ProcessGetUpdates", "result":"Done", "context":{"dataType":"Device Info", "deleted":"0", "process_failed_to_decrypt":"0", "process_pending_decryption":"0", "process_success":"2", "total":"2"}}
{"logTime": "0710/013839", "correlationVector":"5D09Tw7hkDttMzr+/hhccK.5","action":"ProcessGetUpdates", "result":"Done", "context":{"dataType":"History", "deleted":"0", "process_failed_to_decrypt":"0", "process_pending_decryption":"0", "process_success":"65", "total":"65"}}
{"logTime": "0710/013839", "correlationVector":"5D09Tw7hkDttMzr+/hhccK.6","action":"ProcessGetUpdates", "result":"Done", "context":{"dataType":"Collection", "deleted":"0", "process_failed_to_decrypt":"0", "process_pending_decryption":"0", "process_success":"3", "total":"3"}}
{"logTime": "0710/013839", "correlationVector":"5D09Tw7hkDttMzr+/hhccK.7","action":"GetUpdates Response", "result":"Success", "context":Received 114 update(s). cV=5D09Tw7hkDttMzr+/hhccK.0;server=akswtt00900005e;cloudType=Consumer;environment=Prod_francecentral_prod-s01-062-eur-francecentral;migrationStage=NotStarted}
{"logTime": "0710/013840", "correlationVector":"LhqN/05Li7bnf0z89Eryed","action":"Commit Request", "result":"", "context":Item count: 1
Contributing types: History}
{"logTime": "0710/013840", "correlationVector":"LhqN/05Li7bnf0z89Eryed.1","action":"SyncServerConnectionManagerRequest", "result":"SYNC_SERVER_OK", "context":{"environment":"Prod_francecentral_prod-s01-062-eur-francecentral", "migrationStage":"NotStarted", "server":"akswtt009000060"}}
{"logTime": "0710/013840", "correlationVector":"LhqN/05Li7bnf0z89Eryed.2","action":"Commit Response", "result":"Success", "context":Result: Success. cV=LhqN/05Li7bnf0z89Eryed.0;server=akswtt009000060;cloudType=Consumer;environment=Prod_francecentral_prod-s01-062-eur-francecentral;migrationStage=NotStarted}
{"logTime": "0710/013840", "correlationVector":"+WIumBy+EGPRGHXOvqfPTY","action":"Poll GetUpdate request", "result":"", "context":cV=+WIumBy+EGPRGHXOvqfPTY}
{"logTime": "0710/013840", "correlationVector":"+WIumBy+EGPRGHXOvqfPTY.1","action":"SyncServerConnectionManagerRequest", "result":"SYNC_SERVER_OK", "context":{"environment":"Prod_francecentral_prod-s01-062-eur-francecentral", "migrationStage":"NotStarted", "server":"akswtt009000042"}}
{"logTime": "0710/013840", "correlationVector":"+WIumBy+EGPRGHXOvqfPTY.2","action":"ProcessGetUpdates", "result":"Done", "context":{"dataType":"History", "deleted":"0", "process_failed_to_decrypt":"0", "process_pending_decryption":"0", "process_success":"1", "total":"1"}}
{"logTime": "0710/013840", "correlationVector":"+WIumBy+EGPRGHXOvqfPTY.3","action":"GetUpdates Response", "result":"Success", "context":Received 1 update(s). cV=+WIumBy+EGPRGHXOvqfPTY.0;server=akswtt009000042;cloudType=Consumer;environment=Prod_francecentral_prod-s01-062-eur-francecentral;migrationStage=NotStarted}
{"logTime": "0710/013842", "correlationVector":"BENIsYpUfaXAqX1Yga2iMR","action":"Commit Request", "result":"", "context":Item count: 3
Contributing types: Preferences, Passwords}
{"logTime": "0710/013842", "correlationVector":"BENIsYpUfaXAqX1Yga2iMR.1","action":"SyncServerConnectionManagerRequest", "result":"SYNC_SERVER_OK", "context":{"environment":"Prod_francecentral_prod-s01-062-eur-francecentral", "migrationStage":"NotStarted", "server":"akswtt009000036"}}
{"logTime": "0710/013842", "correlationVector":"BENIsYpUfaXAqX1Yga2iMR.2","action":"Commit Response", "result":"Success", "context":Result: Success. cV=BENIsYpUfaXAqX1Yga2iMR.0;server=akswtt009000036;cloudType=Consumer;environment=Prod_francecentral_prod-s01-062-eur-francecentral;migrationStage=NotStarted}
{"logTime": "0710/013937", "correlationVector":"BH3iebgBz79bvxE5q5pOCj","action":"Commit Request", "result":"", "context":Item count: 2
Contributing types: Sessions}
{"logTime": "0710/013937", "correlationVector":"BH3iebgBz79bvxE5q5pOCj.1","action":"SyncServerConnectionManagerRequest", "result":"SYNC_SERVER_OK", "context":{"environment":"Prod_francecentral_prod-s01-062-eur-francecentral", "migrationStage":"NotStarted", "server":"akswtt00900005y"}}
{"logTime": "0710/013937", "correlationVector":"BH3iebgBz79bvxE5q5pOCj.2","action":"Commit Response", "result":"Success", "context":Result: Success. cV=BH3iebgBz79bvxE5q5pOCj.0;server=akswtt00900005y;cloudType=Consumer;environment=Prod_francecentral_prod-s01-062-eur-francecentral;migrationStage=NotStarted}
{"logTime": "0710/014040", "correlationVector":"6dz34ndVLuzSc1Mx4qqRhz.1","action":"SyncServerConnectionManagerRequest", "result":"SYNC_SERVER_OK", "context":{"environment":"Prod_francecentral_prod-s01-062-eur-francecentral", "migrationStage":"NotStarted", "server":"akswtt00900006f"}}
{"logTime": "0710/014040", "correlationVector":"6dz34ndVLuzSc1Mx4qqRhz.2","action":"ProcessGetUpdates", "result":"Done", "context":{"dataType":"Encryption Keys", "deleted":"0", "process_failed_to_decrypt":"0", "process_pending_decryption":"0", "process_success":"1", "total":"1"}}
{"logTime": "0710/014040", "correlationVector":"xKsQIvXEQmN8lUF/54BE+q","action":"SyncServerConnectionManagerRequest", "result":"SYNC_SERVER_OK", "context":{"environment":"", "migrationStage":"", "server":""}}
{"logTime": "0710/014040", "correlationVector":"xKsQIvXEQmN8lUF/54BE+q.0","action":"EncryptionKeysFetcher.DownloadKeys:", "result":"Success", "context":Key count: 10, Last key timestamp: 2025-06-02T00:50:17Z}
{"logTime": "0710/014040", "correlationVector":"xKsQIvXEQmN8lUF/54BE+q.1","action":"EncryptionKeysManager::SetEncryptionKeys:", "result":"Success", "context":Key names[10]:[SOFeJKd4LH+fYKr3obTU6DmpFgIUrVyo2WUmczJKSgRnCBgNNTy6Jcvlqhj/YdPzrAkoT0Wm7gEIhvQbAWeLBw==][QeowHD2AFQKpgKZORsZkdWL34WFNLIt09C8OZDczFpqcP4bxBmcayEb8e4Sk/L3XGUgxPXaJN1jnGI3TEyzE0w==][O1DOIosGr1Z78fFxBljP4oT9+wJWmKQsMDOf6IQn+qqzX358XTcyvEzr9FR4Mz2DGCG3sz7QdDRYSVQwb6AH1w==][tqzHhMv0kGxDHTFeA/ac+rXpRoak/7x4mYu6QulAxSGjryecji5s2/jzh2HEmrOnlaEq9Bd9UjXbkvDf6JZsOw==][yStBXejJ5nIXPQpj7CEgH1bb/u16ZzYeo+tDV+CdeudNVaLZOdYKHp7ghIfrhSD95W8PPHygx+qsUMBohpbNcw==][TXHmOdr8Cka4YAhpb2FgqOElYAAW0CfBxzno+r4Z0XfkCrlhY5pLCYHroJdIZktnn1wyJalCCdsd6yn3nJG/lw==][Is2bReGs8XJEftc1ANHi17L0hzzzqIsaix3tGpire03FK4H66sHAAg4OQ1RPtG175CN0dM3ZJOxwQXnIWzQeQQ==][QGwo7RZK6taMTsupzeY/vjnZGt9NPlpbJu6XVvV+WqLkz9VZfcPFJbBGqCKmz5icO5k+vkH8jekwsCXQfnJMJA==][y1T8oAUNTssbhiAlpzEJAngYspjOYyHtq7cDJfABKg1dWAco+XQp2qAuAXDsLn2IV8dbe4Lj2X88k/vUaS/ENQ==][P+MZjxbmL17tjpSkuvaps8yWW9wzLwzcdCKV65npIcK9CGZkaKcRczC9dynHSEitrW8TQcPbZiKUbpNFHAK+qg==]}
{"logTime": "0710/014040", "correlationVector":"xKsQIvXEQmN8lUF/54BE+q.2","action":"EncryptionKeysManager::SetEncryptionKeysWithTimestamps:", "result":"Success", "context":Key timestamps[10]:[2021-04-29T20:43:37Z][2021-11-12T12:42:25Z][2022-05-11T13:53:26Z][2022-11-09T11:08:29Z][2023-05-21T19:51:03Z][2023-10-04T04:25:04Z][2024-03-26T10:10:12Z][2024-09-22T15:20:49Z][2024-10-04T23:19:50Z][2025-06-02T00:50:17Z]}
{"logTime": "0710/014040", "correlationVector":"6dz34ndVLuzSc1Mx4qqRhz","action":"Initial GetUpdates", "result":"", "context":Reason: NEW_CLIENT. cV=6dz34ndVLuzSc1Mx4qqRhz}
{"logTime": "0710/014040", "correlationVector":"6dz34ndVLuzSc1Mx4qqRhz.3","action":"GetUpdates Response", "result":"Success", "context":Received 1 update(s). cV=6dz34ndVLuzSc1Mx4qqRhz.0;server=akswtt00900006f;cloudType=Consumer;environment=Prod_francecentral_prod-s01-062-eur-francecentral;migrationStage=NotStarted}
{"logTime": "0710/014040", "correlationVector":"bETm3SDxvTwrXZFMFtWuk0","action":"Initial GetUpdates", "result":"", "context":Reason: NEWLY_SUPPORTED_DATATYPE. cV=bETm3SDxvTwrXZFMFtWuk0}
{"logTime": "0710/014041", "correlationVector":"bETm3SDxvTwrXZFMFtWuk0.1","action":"SyncServerConnectionManagerRequest", "result":"SYNC_SERVER_OK", "context":{"environment":"Prod_francecentral_prod-s01-062-eur-francecentral", "migrationStage":"NotStarted", "server":"akswtt00900006h"}}
{"logTime": "0710/014041", "correlationVector":"bETm3SDxvTwrXZFMFtWuk0.2","action":"ProcessGetUpdates", "result":"Done", "context":{"dataType":"Passwords", "deleted":"1", "process_failed_to_decrypt":"0", "process_pending_decryption":"0", "process_success":"231", "total":"231"}}
{"logTime": "0710/014041", "correlationVector":"bETm3SDxvTwrXZFMFtWuk0.3","action":"GetUpdates Response", "result":"Success", "context":Received 231 update(s). cV=bETm3SDxvTwrXZFMFtWuk0.0;server=akswtt00900006h;cloudType=Consumer;environment=Prod_francecentral_prod-s01-062-eur-francecentral;migrationStage=NotStarted}
{"logTime": "0710/014041", "correlationVector":"Q3isx9FSUwFe+RqCrUXXfi","action":"Normal GetUpdate request", "result":"", "context":cV=Q3isx9FSUwFe+RqCrUXXfi
Nudged types: Sessions, History
Refresh requested types: Bookmarks, Preferences, Passwords, Autofill Profiles, Autofill, Extensions, Sessions, Extension settings, History Delete Directives, Device Info, User Consents, Send Tab To Self, Web Apps, History, Saved Tab Group, WebAuthn Credentials, Collection, Edge E Drop, Edge Hub App Usage, Edge Wallet, Encryption Keys}
{"logTime": "0710/014041", "correlationVector":"Q3isx9FSUwFe+RqCrUXXfi.1","action":"SyncServerConnectionManagerRequest", "result":"SYNC_SERVER_OK", "context":{"environment":"Prod_francecentral_prod-s01-062-eur-francecentral", "migrationStage":"NotStarted", "server":"akswtt00900002o"}}
{"logTime": "0710/014041", "correlationVector":"Q3isx9FSUwFe+RqCrUXXfi.2","action":"ProcessGetUpdates", "result":"Done", "context":{"dataType":"Preferences", "deleted":"0", "process_failed_to_decrypt":"0", "process_pending_decryption":"0", "process_success":"1", "total":"1"}}
{"logTime": "0710/014041", "correlationVector":"Q3isx9FSUwFe+RqCrUXXfi.3","action":"ProcessGetUpdates", "result":"Done", "context":{"dataType":"Sessions", "deleted":"0", "process_failed_to_decrypt":"0", "process_pending_decryption":"0", "process_success":"2", "total":"2"}}
{"logTime": "0710/014041", "correlationVector":"Q3isx9FSUwFe+RqCrUXXfi.4","action":"GetUpdates Response", "result":"Success", "context":Received 3 update(s). cV=Q3isx9FSUwFe+RqCrUXXfi.0;server=akswtt00900002o;cloudType=Consumer;environment=Prod_francecentral_prod-s01-062-eur-francecentral;migrationStage=NotStarted}
{"logTime": "0710/014042", "correlationVector":"ShYn2XCTtLKhgHr4SZbGVy","action":"Commit Request", "result":"", "context":Item count: 5
Contributing types: Sessions, History}
{"logTime": "0710/014042", "correlationVector":"ShYn2XCTtLKhgHr4SZbGVy.1","action":"SyncServerConnectionManagerRequest", "result":"SYNC_SERVER_OK", "context":{"environment":"Prod_francecentral_prod-s01-062-eur-francecentral", "migrationStage":"NotStarted", "server":"akswtt009000042"}}
{"logTime": "0710/014042", "correlationVector":"ShYn2XCTtLKhgHr4SZbGVy.2","action":"Commit Response", "result":"Success", "context":Result: Success. cV=ShYn2XCTtLKhgHr4SZbGVy.0;server=akswtt009000042;cloudType=Consumer;environment=Prod_francecentral_prod-s01-062-eur-francecentral;migrationStage=NotStarted}
{"logTime": "0710/014044", "correlationVector":"qFPpwD6no3Lmm7KcjMnU14","action":"Commit Request", "result":"", "context":Item count: 3
Contributing types: Preferences, Passwords}
{"logTime": "0710/014044", "correlationVector":"qFPpwD6no3Lmm7KcjMnU14.1","action":"SyncServerConnectionManagerRequest", "result":"SYNC_SERVER_OK", "context":{"environment":"Prod_francecentral_prod-s01-062-eur-francecentral", "migrationStage":"NotStarted", "server":"akswtt00900005p"}}
{"logTime": "0710/014044", "correlationVector":"qFPpwD6no3Lmm7KcjMnU14.2","action":"Commit Response", "result":"Success", "context":Result: Success. cV=qFPpwD6no3Lmm7KcjMnU14.0;server=akswtt00900005p;cloudType=Consumer;environment=Prod_francecentral_prod-s01-062-eur-francecentral;migrationStage=NotStarted}
{"logTime": "0710/015306", "correlationVector":"vo33jiGQ0b7biFolxEWUh2.1","action":"SyncServerConnectionManagerRequest", "result":"SYNC_SERVER_OK", "context":{"environment":"Prod_francecentral_prod-s01-062-eur-francecentral", "migrationStage":"NotStarted", "server":"akswtt00900002l"}}
{"logTime": "0710/015306", "correlationVector":"vo33jiGQ0b7biFolxEWUh2.2","action":"ProcessGetUpdates", "result":"Done", "context":{"dataType":"Encryption Keys", "deleted":"0", "process_failed_to_decrypt":"0", "process_pending_decryption":"0", "process_success":"1", "total":"1"}}
{"logTime": "0710/015308", "correlationVector":"Qt4zD2AO5Vp60Fi0IBBwTz","action":"SyncServerConnectionManagerRequest", "result":"SYNC_SERVER_OK", "context":{"environment":"", "migrationStage":"", "server":""}}
{"logTime": "0710/015308", "correlationVector":"Qt4zD2AO5Vp60Fi0IBBwTz.0","action":"EncryptionKeysFetcher.DownloadKeys:", "result":"Success", "context":Key count: 10, Last key timestamp: 2025-06-02T00:50:17Z}
{"logTime": "0710/015308", "correlationVector":"Qt4zD2AO5Vp60Fi0IBBwTz.1","action":"EncryptionKeysManager::SetEncryptionKeys:", "result":"Success", "context":Key names[10]:[SOFeJKd4LH+fYKr3obTU6DmpFgIUrVyo2WUmczJKSgRnCBgNNTy6Jcvlqhj/YdPzrAkoT0Wm7gEIhvQbAWeLBw==][QeowHD2AFQKpgKZORsZkdWL34WFNLIt09C8OZDczFpqcP4bxBmcayEb8e4Sk/L3XGUgxPXaJN1jnGI3TEyzE0w==][O1DOIosGr1Z78fFxBljP4oT9+wJWmKQsMDOf6IQn+qqzX358XTcyvEzr9FR4Mz2DGCG3sz7QdDRYSVQwb6AH1w==][tqzHhMv0kGxDHTFeA/ac+rXpRoak/7x4mYu6QulAxSGjryecji5s2/jzh2HEmrOnlaEq9Bd9UjXbkvDf6JZsOw==][yStBXejJ5nIXPQpj7CEgH1bb/u16ZzYeo+tDV+CdeudNVaLZOdYKHp7ghIfrhSD95W8PPHygx+qsUMBohpbNcw==][TXHmOdr8Cka4YAhpb2FgqOElYAAW0CfBxzno+r4Z0XfkCrlhY5pLCYHroJdIZktnn1wyJalCCdsd6yn3nJG/lw==][Is2bReGs8XJEftc1ANHi17L0hzzzqIsaix3tGpire03FK4H66sHAAg4OQ1RPtG175CN0dM3ZJOxwQXnIWzQeQQ==][QGwo7RZK6taMTsupzeY/vjnZGt9NPlpbJu6XVvV+WqLkz9VZfcPFJbBGqCKmz5icO5k+vkH8jekwsCXQfnJMJA==][y1T8oAUNTssbhiAlpzEJAngYspjOYyHtq7cDJfABKg1dWAco+XQp2qAuAXDsLn2IV8dbe4Lj2X88k/vUaS/ENQ==][P+MZjxbmL17tjpSkuvaps8yWW9wzLwzcdCKV65npIcK9CGZkaKcRczC9dynHSEitrW8TQcPbZiKUbpNFHAK+qg==]}
{"logTime": "0710/015308", "correlationVector":"Qt4zD2AO5Vp60Fi0IBBwTz.2","action":"EncryptionKeysManager::SetEncryptionKeysWithTimestamps:", "result":"Success", "context":Key timestamps[10]:[2021-04-29T20:43:37Z][2021-11-12T12:42:25Z][2022-05-11T13:53:26Z][2022-11-09T11:08:29Z][2023-05-21T19:51:03Z][2023-10-04T04:25:04Z][2024-03-26T10:10:12Z][2024-09-22T15:20:49Z][2024-10-04T23:19:50Z][2025-06-02T00:50:17Z]}
{"logTime": "0710/015308", "correlationVector":"vo33jiGQ0b7biFolxEWUh2","action":"Initial GetUpdates", "result":"", "context":Reason: NEW_CLIENT. cV=vo33jiGQ0b7biFolxEWUh2}
{"logTime": "0710/015308", "correlationVector":"vo33jiGQ0b7biFolxEWUh2.3","action":"GetUpdates Response", "result":"Success", "context":Received 1 update(s). cV=vo33jiGQ0b7biFolxEWUh2.0;server=akswtt00900002l;cloudType=Consumer;environment=Prod_francecentral_prod-s01-062-eur-francecentral;migrationStage=NotStarted}
{"logTime": "0710/015308", "correlationVector":"/3BEII3RXEZj0yt/LFQHwD","action":"Initial GetUpdates", "result":"", "context":Reason: NEWLY_SUPPORTED_DATATYPE. cV=/3BEII3RXEZj0yt/LFQHwD}
{"logTime": "0710/015309", "correlationVector":"/3BEII3RXEZj0yt/LFQHwD.1","action":"SyncServerConnectionManagerRequest", "result":"SYNC_SERVER_OK", "context":{"environment":"Prod_francecentral_prod-s01-062-eur-francecentral", "migrationStage":"NotStarted", "server":"akswtt009000011"}}
{"logTime": "0710/015309", "correlationVector":"/3BEII3RXEZj0yt/LFQHwD.2","action":"ProcessGetUpdates", "result":"Done", "context":{"dataType":"Passwords", "deleted":"1", "process_failed_to_decrypt":"0", "process_pending_decryption":"0", "process_success":"231", "total":"231"}}
{"logTime": "0710/015309", "correlationVector":"/3BEII3RXEZj0yt/LFQHwD.3","action":"GetUpdates Response", "result":"Success", "context":Received 231 update(s). cV=/3BEII3RXEZj0yt/LFQHwD.0;server=akswtt009000011;cloudType=Consumer;environment=Prod_francecentral_prod-s01-062-eur-francecentral;migrationStage=NotStarted}
{"logTime": "0710/015309", "correlationVector":"O+u6xZCB/GUn0qXGJ8aarG","action":"Normal GetUpdate request", "result":"", "context":cV=O+u6xZCB/GUn0qXGJ8aarG
Nudged types: Sessions, Device Info, History
Refresh requested types: Bookmarks, Preferences, Passwords, Autofill Profiles, Autofill, Extensions, Sessions, Extension settings, History Delete Directives, Device Info, User Consents, Send Tab To Self, Web Apps, History, Saved Tab Group, WebAuthn Credentials, Collection, Edge E Drop, Edge Hub App Usage, Edge Wallet, Encryption Keys}
{"logTime": "0710/015309", "correlationVector":"O+u6xZCB/GUn0qXGJ8aarG.1","action":"SyncServerConnectionManagerRequest", "result":"SYNC_SERVER_OK", "context":{"environment":"Prod_francecentral_prod-s01-062-eur-francecentral", "migrationStage":"NotStarted", "server":"akswtt009000028"}}
{"logTime": "0710/015309", "correlationVector":"O+u6xZCB/GUn0qXGJ8aarG.2","action":"ProcessGetUpdates", "result":"Done", "context":{"dataType":"Preferences", "deleted":"0", "process_failed_to_decrypt":"0", "process_pending_decryption":"0", "process_success":"1", "total":"1"}}
{"logTime": "0710/015309", "correlationVector":"O+u6xZCB/GUn0qXGJ8aarG.3","action":"ProcessGetUpdates", "result":"Done", "context":{"dataType":"Sessions", "deleted":"1", "process_failed_to_decrypt":"0", "process_pending_decryption":"0", "process_success":"6", "total":"6"}}
{"logTime": "0710/015309", "correlationVector":"O+u6xZCB/GUn0qXGJ8aarG.4","action":"ProcessGetUpdates", "result":"Done", "context":{"dataType":"History", "deleted":"0", "process_failed_to_decrypt":"0", "process_pending_decryption":"0", "process_success":"4", "total":"4"}}
{"logTime": "0710/015309", "correlationVector":"O+u6xZCB/GUn0qXGJ8aarG.5","action":"GetUpdates Response", "result":"Success", "context":Received 11 update(s). cV=O+u6xZCB/GUn0qXGJ8aarG.0;server=akswtt009000028;cloudType=Consumer;environment=Prod_francecentral_prod-s01-062-eur-francecentral;migrationStage=NotStarted}
{"logTime": "0710/015309", "correlationVector":"TbPELpRySXKPt9TLCmoFgS","action":"Commit Request", "result":"", "context":Item count: 2
Contributing types: Device Info, History}
{"logTime": "0710/015310", "correlationVector":"TbPELpRySXKPt9TLCmoFgS.1","action":"SyncServerConnectionManagerRequest", "result":"SYNC_SERVER_OK", "context":{"environment":"Prod_francecentral_prod-s01-062-eur-francecentral", "migrationStage":"NotStarted", "server":"akswtt00900001g"}}
{"logTime": "0710/015310", "correlationVector":"TbPELpRySXKPt9TLCmoFgS.2","action":"Commit Response", "result":"Success", "context":Result: Success. cV=TbPELpRySXKPt9TLCmoFgS.0;server=akswtt00900001g;cloudType=Consumer;environment=Prod_francecentral_prod-s01-062-eur-francecentral;migrationStage=NotStarted}
{"logTime": "0710/015311", "correlationVector":"UZLSYnZJs9uNeNVBtj8ytT","action":"Commit Request", "result":"", "context":Item count: 3
Contributing types: Preferences, Passwords}
{"logTime": "0710/015311", "correlationVector":"UZLSYnZJs9uNeNVBtj8ytT.1","action":"SyncServerConnectionManagerRequest", "result":"SYNC_SERVER_OK", "context":{"environment":"Prod_francecentral_prod-s01-062-eur-francecentral", "migrationStage":"NotStarted", "server":"akswtt00900006c"}}
{"logTime": "0710/015311", "correlationVector":"UZLSYnZJs9uNeNVBtj8ytT.2","action":"Commit Response", "result":"Success", "context":Result: Success. cV=UZLSYnZJs9uNeNVBtj8ytT.0;server=akswtt00900006c;cloudType=Consumer;environment=Prod_francecentral_prod-s01-062-eur-francecentral;migrationStage=NotStarted}
{"logTime": "0710/021851", "correlationVector":"QwtRrIGMr4D0LqE6hevPhS.1","action":"SyncServerConnectionManagerRequest", "result":"SYNC_SERVER_OK", "context":{"environment":"Prod_francecentral_prod-s01-062-eur-francecentral", "migrationStage":"NotStarted", "server":"akswtt009000020"}}
{"logTime": "0710/021851", "correlationVector":"QwtRrIGMr4D0LqE6hevPhS.2","action":"ProcessGetUpdates", "result":"Done", "context":{"dataType":"Encryption Keys", "deleted":"0", "process_failed_to_decrypt":"0", "process_pending_decryption":"0", "process_success":"1", "total":"1"}}
{"logTime": "0710/021852", "correlationVector":"QtCih2JxbU05w9tJYD7gUH","action":"SyncServerConnectionManagerRequest", "result":"SYNC_SERVER_OK", "context":{"environment":"", "migrationStage":"", "server":""}}
{"logTime": "0710/021852", "correlationVector":"QtCih2JxbU05w9tJYD7gUH.0","action":"EncryptionKeysFetcher.DownloadKeys:", "result":"Success", "context":Key count: 10, Last key timestamp: 2025-06-02T00:50:17Z}
{"logTime": "0710/021852", "correlationVector":"QtCih2JxbU05w9tJYD7gUH.1","action":"EncryptionKeysManager::SetEncryptionKeys:", "result":"Success", "context":Key names[10]:[SOFeJKd4LH+fYKr3obTU6DmpFgIUrVyo2WUmczJKSgRnCBgNNTy6Jcvlqhj/YdPzrAkoT0Wm7gEIhvQbAWeLBw==][QeowHD2AFQKpgKZORsZkdWL34WFNLIt09C8OZDczFpqcP4bxBmcayEb8e4Sk/L3XGUgxPXaJN1jnGI3TEyzE0w==][O1DOIosGr1Z78fFxBljP4oT9+wJWmKQsMDOf6IQn+qqzX358XTcyvEzr9FR4Mz2DGCG3sz7QdDRYSVQwb6AH1w==][tqzHhMv0kGxDHTFeA/ac+rXpRoak/7x4mYu6QulAxSGjryecji5s2/jzh2HEmrOnlaEq9Bd9UjXbkvDf6JZsOw==][yStBXejJ5nIXPQpj7CEgH1bb/u16ZzYeo+tDV+CdeudNVaLZOdYKHp7ghIfrhSD95W8PPHygx+qsUMBohpbNcw==][TXHmOdr8Cka4YAhpb2FgqOElYAAW0CfBxzno+r4Z0XfkCrlhY5pLCYHroJdIZktnn1wyJalCCdsd6yn3nJG/lw==][Is2bReGs8XJEftc1ANHi17L0hzzzqIsaix3tGpire03FK4H66sHAAg4OQ1RPtG175CN0dM3ZJOxwQXnIWzQeQQ==][QGwo7RZK6taMTsupzeY/vjnZGt9NPlpbJu6XVvV+WqLkz9VZfcPFJbBGqCKmz5icO5k+vkH8jekwsCXQfnJMJA==][y1T8oAUNTssbhiAlpzEJAngYspjOYyHtq7cDJfABKg1dWAco+XQp2qAuAXDsLn2IV8dbe4Lj2X88k/vUaS/ENQ==][P+MZjxbmL17tjpSkuvaps8yWW9wzLwzcdCKV65npIcK9CGZkaKcRczC9dynHSEitrW8TQcPbZiKUbpNFHAK+qg==]}
{"logTime": "0710/021852", "correlationVector":"QtCih2JxbU05w9tJYD7gUH.2","action":"EncryptionKeysManager::SetEncryptionKeysWithTimestamps:", "result":"Success", "context":Key timestamps[10]:[2021-04-29T20:43:37Z][2021-11-12T12:42:25Z][2022-05-11T13:53:26Z][2022-11-09T11:08:29Z][2023-05-21T19:51:03Z][2023-10-04T04:25:04Z][2024-03-26T10:10:12Z][2024-09-22T15:20:49Z][2024-10-04T23:19:50Z][2025-06-02T00:50:17Z]}
{"logTime": "0710/021852", "correlationVector":"QwtRrIGMr4D0LqE6hevPhS","action":"Initial GetUpdates", "result":"", "context":Reason: NEW_CLIENT. cV=QwtRrIGMr4D0LqE6hevPhS}
{"logTime": "0710/021852", "correlationVector":"QwtRrIGMr4D0LqE6hevPhS.3","action":"GetUpdates Response", "result":"Success", "context":Received 1 update(s). cV=QwtRrIGMr4D0LqE6hevPhS.0;server=akswtt009000020;cloudType=Consumer;environment=Prod_francecentral_prod-s01-062-eur-francecentral;migrationStage=NotStarted}
{"logTime": "0710/021852", "correlationVector":"j7wVzXcjplQeRPPrQemKNs","action":"Initial GetUpdates", "result":"", "context":Reason: NEWLY_SUPPORTED_DATATYPE. cV=j7wVzXcjplQeRPPrQemKNs}
{"logTime": "0710/021852", "correlationVector":"j7wVzXcjplQeRPPrQemKNs.1","action":"SyncServerConnectionManagerRequest", "result":"SYNC_SERVER_OK", "context":{"environment":"Prod_francecentral_prod-s01-062-eur-francecentral", "migrationStage":"NotStarted", "server":"akswtt00900001g"}}
{"logTime": "0710/021852", "correlationVector":"j7wVzXcjplQeRPPrQemKNs.2","action":"ProcessGetUpdates", "result":"Done", "context":{"dataType":"Passwords", "deleted":"1", "process_failed_to_decrypt":"0", "process_pending_decryption":"0", "process_success":"231", "total":"231"}}
{"logTime": "0710/021852", "correlationVector":"j7wVzXcjplQeRPPrQemKNs.3","action":"GetUpdates Response", "result":"Success", "context":Received 231 update(s). cV=j7wVzXcjplQeRPPrQemKNs.0;server=akswtt00900001g;cloudType=Consumer;environment=Prod_francecentral_prod-s01-062-eur-francecentral;migrationStage=NotStarted}
{"logTime": "0710/021852", "correlationVector":"e4Ah0mH8mVg1A86UHaT5Mx","action":"Normal GetUpdate request", "result":"", "context":cV=e4Ah0mH8mVg1A86UHaT5Mx
Nudged types: Sessions, Device Info, History
Refresh requested types: Bookmarks, Preferences, Passwords, Autofill Profiles, Autofill, Extensions, Sessions, Extension settings, History Delete Directives, Device Info, User Consents, Send Tab To Self, Web Apps, History, Saved Tab Group, WebAuthn Credentials, Collection, Edge E Drop, Edge Hub App Usage, Edge Wallet, Encryption Keys}
{"logTime": "0710/021853", "correlationVector":"e4Ah0mH8mVg1A86UHaT5Mx.1","action":"SyncServerConnectionManagerRequest", "result":"SYNC_SERVER_OK", "context":{"environment":"Prod_francecentral_prod-s01-062-eur-francecentral", "migrationStage":"NotStarted", "server":"akswtt00900001b"}}
{"logTime": "0710/021853", "correlationVector":"e4Ah0mH8mVg1A86UHaT5Mx.2","action":"ProcessGetUpdates", "result":"Done", "context":{"dataType":"Preferences", "deleted":"0", "process_failed_to_decrypt":"0", "process_pending_decryption":"0", "process_success":"1", "total":"1"}}
{"logTime": "0710/021853", "correlationVector":"e4Ah0mH8mVg1A86UHaT5Mx.3","action":"ProcessGetUpdates", "result":"Done", "context":{"dataType":"Sessions", "deleted":"5", "process_failed_to_decrypt":"0", "process_pending_decryption":"0", "process_success":"14", "total":"14"}}
{"logTime": "0710/021853", "correlationVector":"e4Ah0mH8mVg1A86UHaT5Mx.4","action":"ProcessGetUpdates", "result":"Done", "context":{"dataType":"Device Info", "deleted":"0", "process_failed_to_decrypt":"0", "process_pending_decryption":"0", "process_success":"1", "total":"1"}}
{"logTime": "0710/021853", "correlationVector":"e4Ah0mH8mVg1A86UHaT5Mx.5","action":"ProcessGetUpdates", "result":"Done", "context":{"dataType":"History", "deleted":"0", "process_failed_to_decrypt":"0", "process_pending_decryption":"0", "process_success":"11", "total":"11"}}
{"logTime": "0710/021853", "correlationVector":"e4Ah0mH8mVg1A86UHaT5Mx.6","action":"GetUpdates Response", "result":"Success", "context":Received 27 update(s). cV=e4Ah0mH8mVg1A86UHaT5Mx.0;server=akswtt00900001b;cloudType=Consumer;environment=Prod_francecentral_prod-s01-062-eur-francecentral;migrationStage=NotStarted}
{"logTime": "0710/021853", "correlationVector":"4EpSSafARPplOfnBRd7p8t","action":"Commit Request", "result":"", "context":Item count: 1
Contributing types: History}
{"logTime": "0710/021853", "correlationVector":"4EpSSafARPplOfnBRd7p8t.1","action":"SyncServerConnectionManagerRequest", "result":"SYNC_SERVER_OK", "context":{"environment":"Prod_francecentral_prod-s01-062-eur-francecentral", "migrationStage":"NotStarted", "server":"akswtt009000062"}}
{"logTime": "0710/021853", "correlationVector":"4EpSSafARPplOfnBRd7p8t.2","action":"Commit Response", "result":"Success", "context":Result: Success. cV=4EpSSafARPplOfnBRd7p8t.0;server=akswtt009000062;cloudType=Consumer;environment=Prod_francecentral_prod-s01-062-eur-francecentral;migrationStage=NotStarted}
{"logTime": "0710/021855", "correlationVector":"lxdTGjKxCsLcpFe9tz0eS0","action":"Commit Request", "result":"", "context":Item count: 3
Contributing types: Preferences, Passwords}
{"logTime": "0710/021856", "correlationVector":"lxdTGjKxCsLcpFe9tz0eS0.1","action":"SyncServerConnectionManagerRequest", "result":"SYNC_SERVER_OK", "context":{"environment":"Prod_francecentral_prod-s01-062-eur-francecentral", "migrationStage":"NotStarted", "server":"akswtt00900003m"}}
{"logTime": "0710/021856", "correlationVector":"lxdTGjKxCsLcpFe9tz0eS0.2","action":"Commit Response", "result":"Success", "context":Result: Success. cV=lxdTGjKxCsLcpFe9tz0eS0.0;server=akswtt00900003m;cloudType=Consumer;environment=Prod_francecentral_prod-s01-062-eur-francecentral;migrationStage=NotStarted}
{"logTime": "0710/022654", "correlationVector":"xe7kOV02CFnVccjIgThdte.1","action":"SyncServerConnectionManagerRequest", "result":"SYNC_SERVER_OK", "context":{"environment":"Prod_francecentral_prod-s01-062-eur-francecentral", "migrationStage":"NotStarted", "server":"akswtt00900004n"}}
{"logTime": "0710/022654", "correlationVector":"xe7kOV02CFnVccjIgThdte.2","action":"ProcessGetUpdates", "result":"Done", "context":{"dataType":"Encryption Keys", "deleted":"0", "process_failed_to_decrypt":"0", "process_pending_decryption":"0", "process_success":"1", "total":"1"}}
{"logTime": "0710/022655", "correlationVector":"mrLy9vwnLjFe6vh2j9yWv5","action":"SyncServerConnectionManagerRequest", "result":"SYNC_SERVER_OK", "context":{"environment":"", "migrationStage":"", "server":""}}
{"logTime": "0710/022655", "correlationVector":"mrLy9vwnLjFe6vh2j9yWv5.0","action":"EncryptionKeysFetcher.DownloadKeys:", "result":"Success", "context":Key count: 10, Last key timestamp: 2025-06-02T00:50:17Z}
{"logTime": "0710/022655", "correlationVector":"mrLy9vwnLjFe6vh2j9yWv5.1","action":"EncryptionKeysManager::SetEncryptionKeys:", "result":"Success", "context":Key names[10]:[SOFeJKd4LH+fYKr3obTU6DmpFgIUrVyo2WUmczJKSgRnCBgNNTy6Jcvlqhj/YdPzrAkoT0Wm7gEIhvQbAWeLBw==][QeowHD2AFQKpgKZORsZkdWL34WFNLIt09C8OZDczFpqcP4bxBmcayEb8e4Sk/L3XGUgxPXaJN1jnGI3TEyzE0w==][O1DOIosGr1Z78fFxBljP4oT9+wJWmKQsMDOf6IQn+qqzX358XTcyvEzr9FR4Mz2DGCG3sz7QdDRYSVQwb6AH1w==][tqzHhMv0kGxDHTFeA/ac+rXpRoak/7x4mYu6QulAxSGjryecji5s2/jzh2HEmrOnlaEq9Bd9UjXbkvDf6JZsOw==][yStBXejJ5nIXPQpj7CEgH1bb/u16ZzYeo+tDV+CdeudNVaLZOdYKHp7ghIfrhSD95W8PPHygx+qsUMBohpbNcw==][TXHmOdr8Cka4YAhpb2FgqOElYAAW0CfBxzno+r4Z0XfkCrlhY5pLCYHroJdIZktnn1wyJalCCdsd6yn3nJG/lw==][Is2bReGs8XJEftc1ANHi17L0hzzzqIsaix3tGpire03FK4H66sHAAg4OQ1RPtG175CN0dM3ZJOxwQXnIWzQeQQ==][QGwo7RZK6taMTsupzeY/vjnZGt9NPlpbJu6XVvV+WqLkz9VZfcPFJbBGqCKmz5icO5k+vkH8jekwsCXQfnJMJA==][y1T8oAUNTssbhiAlpzEJAngYspjOYyHtq7cDJfABKg1dWAco+XQp2qAuAXDsLn2IV8dbe4Lj2X88k/vUaS/ENQ==][P+MZjxbmL17tjpSkuvaps8yWW9wzLwzcdCKV65npIcK9CGZkaKcRczC9dynHSEitrW8TQcPbZiKUbpNFHAK+qg==]}
{"logTime": "0710/022655", "correlationVector":"mrLy9vwnLjFe6vh2j9yWv5.2","action":"EncryptionKeysManager::SetEncryptionKeysWithTimestamps:", "result":"Success", "context":Key timestamps[10]:[2021-04-29T20:43:37Z][2021-11-12T12:42:25Z][2022-05-11T13:53:26Z][2022-11-09T11:08:29Z][2023-05-21T19:51:03Z][2023-10-04T04:25:04Z][2024-03-26T10:10:12Z][2024-09-22T15:20:49Z][2024-10-04T23:19:50Z][2025-06-02T00:50:17Z]}
{"logTime": "0710/022655", "correlationVector":"xe7kOV02CFnVccjIgThdte","action":"Initial GetUpdates", "result":"", "context":Reason: NEW_CLIENT. cV=xe7kOV02CFnVccjIgThdte}
{"logTime": "0710/022655", "correlationVector":"xe7kOV02CFnVccjIgThdte.3","action":"GetUpdates Response", "result":"Success", "context":Received 1 update(s). cV=xe7kOV02CFnVccjIgThdte.0;server=akswtt00900004n;cloudType=Consumer;environment=Prod_francecentral_prod-s01-062-eur-francecentral;migrationStage=NotStarted}
{"logTime": "0710/022655", "correlationVector":"XhwAZ09gZuZQfkg+q8eUC+","action":"Initial GetUpdates", "result":"", "context":Reason: NEWLY_SUPPORTED_DATATYPE. cV=XhwAZ09gZuZQfkg+q8eUC+}
{"logTime": "0710/022656", "correlationVector":"XhwAZ09gZuZQfkg+q8eUC+.1","action":"SyncServerConnectionManagerRequest", "result":"SYNC_SERVER_OK", "context":{"environment":"Prod_francecentral_prod-s01-062-eur-francecentral", "migrationStage":"NotStarted", "server":"akswtt009000015"}}
{"logTime": "0710/022656", "correlationVector":"XhwAZ09gZuZQfkg+q8eUC+.2","action":"ProcessGetUpdates", "result":"Done", "context":{"dataType":"Passwords", "deleted":"1", "process_failed_to_decrypt":"0", "process_pending_decryption":"0", "process_success":"231", "total":"231"}}
{"logTime": "0710/022656", "correlationVector":"XhwAZ09gZuZQfkg+q8eUC+.3","action":"GetUpdates Response", "result":"Success", "context":Received 231 update(s). cV=XhwAZ09gZuZQfkg+q8eUC+.0;server=akswtt009000015;cloudType=Consumer;environment=Prod_francecentral_prod-s01-062-eur-francecentral;migrationStage=NotStarted}
{"logTime": "0710/022656", "correlationVector":"tbl4M20x4w9eEHelt96QBj","action":"Normal GetUpdate request", "result":"", "context":cV=tbl4M20x4w9eEHelt96QBj
Nudged types: Sessions, History
Refresh requested types: Bookmarks, Preferences, Passwords, Autofill Profiles, Autofill, Extensions, Sessions, Extension settings, History Delete Directives, Device Info, User Consents, Send Tab To Self, Web Apps, History, Saved Tab Group, WebAuthn Credentials, Collection, Edge E Drop, Edge Hub App Usage, Edge Wallet, Encryption Keys}
{"logTime": "0710/022656", "correlationVector":"tbl4M20x4w9eEHelt96QBj.1","action":"SyncServerConnectionManagerRequest", "result":"SYNC_SERVER_OK", "context":{"environment":"Prod_francecentral_prod-s01-062-eur-francecentral", "migrationStage":"NotStarted", "server":"akswtt009000018"}}
{"logTime": "0710/022656", "correlationVector":"tbl4M20x4w9eEHelt96QBj.2","action":"ProcessGetUpdates", "result":"Done", "context":{"dataType":"Preferences", "deleted":"0", "process_failed_to_decrypt":"0", "process_pending_decryption":"0", "process_success":"3", "total":"3"}}
{"logTime": "0710/022656", "correlationVector":"tbl4M20x4w9eEHelt96QBj.3","action":"ProcessGetUpdates", "result":"Done", "context":{"dataType":"Sessions", "deleted":"0", "process_failed_to_decrypt":"0", "process_pending_decryption":"0", "process_success":"5", "total":"5"}}
{"logTime": "0710/022656", "correlationVector":"tbl4M20x4w9eEHelt96QBj.4","action":"ProcessGetUpdates", "result":"Done", "context":{"dataType":"Device Info", "deleted":"0", "process_failed_to_decrypt":"0", "process_pending_decryption":"0", "process_success":"1", "total":"1"}}
{"logTime": "0710/022656", "correlationVector":"tbl4M20x4w9eEHelt96QBj.5","action":"ProcessGetUpdates", "result":"Done", "context":{"dataType":"History", "deleted":"0", "process_failed_to_decrypt":"0", "process_pending_decryption":"0", "process_success":"10", "total":"10"}}
{"logTime": "0710/022656", "correlationVector":"tbl4M20x4w9eEHelt96QBj.6","action":"GetUpdates Response", "result":"Success", "context":Received 19 update(s). cV=tbl4M20x4w9eEHelt96QBj.0;server=akswtt009000018;cloudType=Consumer;environment=Prod_francecentral_prod-s01-062-eur-francecentral;migrationStage=NotStarted}
{"logTime": "0710/022656", "correlationVector":"gmBPmyr0x3cQudAQboD4OP","action":"Commit Request", "result":"", "context":Item count: 5
Contributing types: Sessions, History}
{"logTime": "0710/022657", "correlationVector":"gmBPmyr0x3cQudAQboD4OP.1","action":"SyncServerConnectionManagerRequest", "result":"SYNC_SERVER_OK", "context":{"environment":"Prod_francecentral_prod-s01-062-eur-francecentral", "migrationStage":"NotStarted", "server":"akswtt00900004w"}}
{"logTime": "0710/022657", "correlationVector":"gmBPmyr0x3cQudAQboD4OP.2","action":"Commit Response", "result":"Success", "context":Result: Success. cV=gmBPmyr0x3cQudAQboD4OP.0;server=akswtt00900004w;cloudType=Consumer;environment=Prod_francecentral_prod-s01-062-eur-francecentral;migrationStage=NotStarted}
{"logTime": "0710/022659", "correlationVector":"efu6I6EZjukPEs7yj3C5hu","action":"Commit Request", "result":"", "context":Item count: 3
Contributing types: Preferences, Passwords}
{"logTime": "0710/022659", "correlationVector":"efu6I6EZjukPEs7yj3C5hu.1","action":"SyncServerConnectionManagerRequest", "result":"SYNC_SERVER_OK", "context":{"environment":"Prod_francecentral_prod-s01-062-eur-francecentral", "migrationStage":"NotStarted", "server":"akswtt00900002d"}}
{"logTime": "0710/022659", "correlationVector":"efu6I6EZjukPEs7yj3C5hu.2","action":"Commit Response", "result":"Success", "context":Result: Success. cV=efu6I6EZjukPEs7yj3C5hu.0;server=akswtt00900002d;cloudType=Consumer;environment=Prod_francecentral_prod-s01-062-eur-francecentral;migrationStage=NotStarted}
{"logTime": "0710/022754", "correlationVector":"Jh4YE8Aw13KJYXRLaN/HBg","action":"Commit Request", "result":"", "context":Item count: 4
Contributing types: Sessions, History}
{"logTime": "0710/022754", "correlationVector":"Jh4YE8Aw13KJYXRLaN/HBg.1","action":"SyncServerConnectionManagerRequest", "result":"SYNC_SERVER_OK", "context":{"environment":"Prod_francecentral_prod-s01-062-eur-francecentral", "migrationStage":"NotStarted", "server":"akswtt00900004w"}}
{"logTime": "0710/022754", "correlationVector":"Jh4YE8Aw13KJYXRLaN/HBg.2","action":"Commit Response", "result":"Success", "context":Result: Success. cV=Jh4YE8Aw13KJYXRLaN/HBg.0;server=akswtt00900004w;cloudType=Consumer;environment=Prod_francecentral_prod-s01-062-eur-francecentral;migrationStage=NotStarted}
