2025-07-09 13:52:01.868: [INFO][Sync] Reset engine, reason: 8
2025-07-09 13:52:01.868: [INFO][Sync] Stopped: Bookmarks
2025-07-09 13:52:01.868: [INFO][Sync] Stopped: Preferences
2025-07-09 13:52:01.868: [INFO][Sync] Stopped: Passwords
2025-07-09 13:52:01.868: [INFO][Sync] Stopped: Autofill Profiles
2025-07-09 13:52:01.868: [INFO][Sync] Stopped: Autofill
2025-07-09 13:52:01.868: [INFO][Sync] Stopped: Extensions
2025-07-09 13:52:01.868: [INFO][Sync] Stopped: Sessions
2025-07-09 13:52:01.868: [INFO][Sync] Stopped: Extension settings
2025-07-09 13:52:01.868: [INFO][Sync] Stopped: History Delete Directives
2025-07-09 13:52:01.868: [INFO][Sync] Stopped: Device Info
2025-07-09 13:52:01.868: [INFO][Sync] Stopped: User Consents
2025-07-09 13:52:01.868: [INFO][Sync] Stopped: Send Tab To Self
2025-07-09 13:52:01.868: [INFO][Sync] Stopped: Web Apps
2025-07-09 13:52:01.868: [INFO][Sync] Stopped: History
2025-07-09 13:52:01.868: [INFO][Sync] Stopped: Saved Tab Group
2025-07-09 13:52:01.868: [INFO][Sync] Stopped: WebAuthn Credentials
2025-07-09 13:52:01.868: [INFO][Sync] Stopped: Collection
2025-07-09 13:52:01.868: [INFO][Sync] Stopped: Edge E Drop
2025-07-09 13:52:01.868: [INFO][Sync] Stopped: Edge Hub App Usage
2025-07-09 13:52:01.868: [INFO][Sync] Stopped: Edge Wallet
2025-07-09 13:52:01.868: [INFO][Sync] SyncState after authenticated was: NotSignedIn
2025-07-09 13:52:02.083: [INFO][Sync] Reset engine, reason: 8
2025-07-09 13:52:02.083: [INFO][Sync] Stopped: Bookmarks
2025-07-09 13:52:02.083: [INFO][Sync] Stopped: Preferences
2025-07-09 13:52:02.083: [INFO][Sync] Stopped: Passwords
2025-07-09 13:52:02.083: [INFO][Sync] Stopped: Autofill Profiles
2025-07-09 13:52:02.083: [INFO][Sync] Stopped: Autofill
2025-07-09 13:52:02.083: [INFO][Sync] Stopped: Extensions
2025-07-09 13:52:02.083: [INFO][Sync] Stopped: Sessions
2025-07-09 13:52:02.083: [INFO][Sync] Stopped: Extension settings
2025-07-09 13:52:02.083: [INFO][Sync] Stopped: History Delete Directives
2025-07-09 13:52:02.083: [INFO][Sync] Stopped: Device Info
2025-07-09 13:52:02.083: [INFO][Sync] Stopped: User Consents
2025-07-09 13:52:02.083: [INFO][Sync] Stopped: Send Tab To Self
2025-07-09 13:52:02.083: [INFO][Sync] Stopped: Web Apps
2025-07-09 13:52:02.083: [INFO][Sync] Stopped: History
2025-07-09 13:52:02.083: [INFO][Sync] Stopped: Saved Tab Group
2025-07-09 13:52:02.083: [INFO][Sync] Stopped: WebAuthn Credentials
2025-07-09 13:52:02.083: [INFO][Sync] Stopped: Collection
2025-07-09 13:52:02.083: [INFO][Sync] Stopped: Edge E Drop
2025-07-09 13:52:02.083: [INFO][Sync] Stopped: Edge Hub App Usage
2025-07-09 13:52:02.083: [INFO][Sync] Stopped: Edge Wallet
2025-07-09 13:52:02.213: [INFO][Sync] Try to start sync engine
2025-07-09 13:52:02.214: [INFO][SyncManagerImpl::NudgeForInitialDownload] Initial download nudge for Encryption Keys
2025-07-09 13:52:02.214: [INFO][SyncEngineBackend::LoadAndConnectNigoriController] Load and connect Nigori controller
2025-07-09 13:52:02.214: [INFO][SyncEngineBackend::DoInitialize] Control Types added: Encryption Keys
2025-07-09 13:52:02.214: [INFO][SyncManagerImpl::ConfigureSyncer] Types to download: Encryption Keys with reason: 3
2025-07-09 13:52:02.215: [INFO][SyncSchedulerImpl::DoConfigurationSyncCycleJob] Configure job was blocked
2025-07-09 13:52:02.326: [INFO][SyncAuthManager::SetLastAuthError] Current auth error: None
2025-07-09 13:52:02.326: [INFO][SyncAuthManager::EdgeLogTokenErrorState] Token error with: None for account type: MSA
2025-07-09 13:52:02.326: [INFO][Sync] Credentials changed for: EdgeSyncScopeNew
2025-07-09 13:52:08.336: [INFO][SyncAuthManager::SetLastAuthError] Current auth error: None
2025-07-09 13:52:08.337: [INFO][SyncAuthManager::EdgeLogTokenErrorState] Token error with: None for account type: MSA
2025-07-09 13:52:08.337: [INFO][Sync] Credentials changed for: EdgeSyncKeyDataScope
2025-07-09 13:52:08.337: [INFO][SyncEngineBackend::DoUpdateKeyDataCredentials] Update key data credentials
2025-07-09 13:52:08.337: [INFO][SyncEngineBackend::DoUpdateCredentials] Update credentials
2025-07-09 13:52:08.337: [INFO][SyncSchedulerImpl::DoConfigurationSyncCycleJob] Blocked types:  and types to download: Encryption Keys
2025-07-09 13:52:12.843: [INFO][Sync] Started DataTypeManager configuration, reason: 4
2025-07-09 13:52:12.843: [INFO][Sync] Configuring for: Bookmarks, Preferences, Passwords, Autofill Profiles, Autofill, Extensions, Sessions, Extension settings, History Delete Directives, Device Info, User Consents, Send Tab To Self, Web Apps, History, Saved Tab Group, WebAuthn Credentials, Collection, Edge E Drop, Edge Hub App Usage, Edge Wallet, Encryption Keys, reason: 3, current state: 0
2025-07-09 13:52:12.843: [WARN][Sync] Crypto error data types: Passwords, Autofill Profiles, Autofill
2025-07-09 13:52:12.843: [INFO][Sync] Configure, desired: Bookmarks, Preferences, Extensions, Sessions, Extension settings, History Delete Directives, Device Info, User Consents, Send Tab To Self, Web Apps, History, Saved Tab Group, WebAuthn Credentials, Collection, Edge E Drop, Edge Hub App Usage, Edge Wallet, Encryption Keys; Allow fail: Passwords, Autofill Profiles, Autofill
2025-07-09 13:52:12.843: [INFO][Sync] Loading: Bookmarks
2025-07-09 13:52:12.843: [INFO][Sync] Loading: Preferences
2025-07-09 13:52:12.843: [INFO][Sync] Loading: Extensions
2025-07-09 13:52:12.843: [INFO][Sync] Loading: Sessions
2025-07-09 13:52:12.843: [INFO][Sync] Loading: Extension settings
2025-07-09 13:52:12.843: [INFO][Sync] Loading: History Delete Directives
2025-07-09 13:52:12.843: [INFO][Sync] Loading: Device Info
2025-07-09 13:52:12.844: [INFO][Sync] Loading: User Consents
2025-07-09 13:52:12.844: [INFO][Sync] Loading: Send Tab To Self
2025-07-09 13:52:12.844: [INFO][Sync] Loading: Web Apps
2025-07-09 13:52:12.844: [INFO][Sync] Loading: History
2025-07-09 13:52:12.844: [INFO][Sync] Loading: Saved Tab Group
2025-07-09 13:52:12.844: [INFO][Sync] Loading: WebAuthn Credentials
2025-07-09 13:52:12.844: [INFO][Sync] Loading: Collection
2025-07-09 13:52:12.844: [INFO][Sync] Loading: Edge E Drop
2025-07-09 13:52:12.844: [INFO][Sync] Loading: Edge Hub App Usage
2025-07-09 13:52:12.844: [INFO][Sync] Loading: Edge Wallet
2025-07-09 13:52:12.845: [INFO][Sync] All data types are ready for configure.
2025-07-09 13:52:23.297: [INFO][Sync] Started DataTypeManager configuration, reason: 5
2025-07-09 13:52:23.298: [INFO][Sync] Configuring for: Bookmarks, Preferences, Passwords, Autofill Profiles, Autofill, Extensions, Sessions, Extension settings, History Delete Directives, Device Info, User Consents, Send Tab To Self, Web Apps, History, Saved Tab Group, WebAuthn Credentials, Collection, Edge E Drop, Edge Hub App Usage, Edge Wallet, Encryption Keys, reason: 5, current state: 1
2025-07-09 13:52:23.303: [INFO][SyncEngineBackend::DoStartConfiguration] Start configuration
2025-07-09 13:52:23.303: [INFO][SyncManagerImpl::NudgeForInitialDownload] Initial download nudge for Bookmarks
2025-07-09 13:52:23.304: [INFO][SyncManagerImpl::NudgeForInitialDownload] Initial download nudge for Preferences
2025-07-09 13:52:23.304: [INFO][SyncManagerImpl::NudgeForInitialDownload] Initial download nudge for Extensions
2025-07-09 13:52:23.304: [INFO][SyncManagerImpl::NudgeForInitialDownload] Initial download nudge for Sessions
2025-07-09 13:52:23.304: [INFO][SyncManagerImpl::NudgeForInitialDownload] Initial download nudge for Extension settings
2025-07-09 13:52:23.304: [INFO][SyncManagerImpl::NudgeForInitialDownload] Initial download nudge for History Delete Directives
2025-07-09 13:52:23.304: [INFO][SyncManagerImpl::NudgeForInitialDownload] Initial download nudge for Device Info
2025-07-09 13:52:23.304: [INFO][SyncManagerImpl::NudgeForInitialDownload] Initial download nudge for Send Tab To Self
2025-07-09 13:52:23.304: [INFO][SyncManagerImpl::NudgeForInitialDownload] Initial download nudge for Web Apps
2025-07-09 13:52:23.304: [INFO][SyncManagerImpl::NudgeForInitialDownload] Initial download nudge for History
2025-07-09 13:52:23.304: [INFO][SyncManagerImpl::NudgeForInitialDownload] Initial download nudge for Saved Tab Group
2025-07-09 13:52:23.304: [INFO][SyncManagerImpl::NudgeForInitialDownload] Initial download nudge for WebAuthn Credentials
2025-07-09 13:52:23.304: [INFO][SyncManagerImpl::NudgeForInitialDownload] Initial download nudge for Collection
2025-07-09 13:52:23.304: [INFO][SyncManagerImpl::NudgeForInitialDownload] Initial download nudge for Edge E Drop
2025-07-09 13:52:23.304: [INFO][SyncManagerImpl::NudgeForInitialDownload] Initial download nudge for Edge Hub App Usage
2025-07-09 13:52:23.304: [INFO][SyncManagerImpl::NudgeForInitialDownload] Initial download nudge for Edge Wallet
2025-07-09 13:52:23.304: [INFO][SyncManagerImpl::ConfigureSyncer] Types to download:  with reason: 3
2025-07-09 13:52:23.304: [INFO][SyncEngineBackend::DoFinishConfigureDataTypes] Failed to download types:  and succeeded types: 
2025-07-09 13:52:23.304: [INFO][Sync] ConfigurationDone, failed: , succeeded: , remaining count: 4
2025-07-09 13:52:23.304: [WARN][Sync]     Reconfigure requested while configuration ongoing.
2025-07-09 13:52:23.304: [INFO][Sync] Configuring for: Bookmarks, Preferences, Passwords, Autofill Profiles, Autofill, Extensions, Sessions, Extension settings, History Delete Directives, Device Info, User Consents, Send Tab To Self, Web Apps, History, Saved Tab Group, WebAuthn Credentials, Collection, Edge E Drop, Edge Hub App Usage, Edge Wallet, Encryption Keys, reason: 5, current state: 2
2025-07-09 13:52:23.304: [INFO][Sync] Configure, desired: Bookmarks, Preferences, Passwords, Autofill Profiles, Autofill, Extensions, Sessions, Extension settings, History Delete Directives, Device Info, User Consents, Send Tab To Self, Web Apps, History, Saved Tab Group, WebAuthn Credentials, Collection, Edge E Drop, Edge Hub App Usage, Edge Wallet, Encryption Keys; Allow fail: 
2025-07-09 13:52:23.304: [INFO][Sync] Loading: Passwords
2025-07-09 13:52:23.304: [INFO][Sync] Loading: Autofill Profiles
2025-07-09 13:52:23.304: [INFO][Sync] Loading: Autofill
2025-07-09 13:52:23.304: [INFO][Sync] All data types are ready for configure.
2025-07-09 13:52:23.304: [INFO][SyncManagerImpl::NudgeForInitialDownload] Initial download nudge for Passwords
2025-07-09 13:52:23.304: [INFO][SyncManagerImpl::NudgeForInitialDownload] Initial download nudge for Autofill Profiles
2025-07-09 13:52:23.304: [INFO][SyncManagerImpl::NudgeForInitialDownload] Initial download nudge for Autofill
2025-07-09 13:52:23.304: [INFO][SyncManagerImpl::ConfigureSyncer] Types to download:  with reason: 5
2025-07-09 13:52:23.304: [INFO][SyncEngineBackend::DoFinishConfigureDataTypes] Failed to download types:  and succeeded types: 
2025-07-09 13:52:23.304: [INFO][Sync] ConfigurationDone, failed: , succeeded: , remaining count: 4
2025-07-09 13:52:23.304: [INFO][Sync] Prepare to configure types: Preferences, Passwords, Device Info, Send Tab To Self, Edge E Drop, Encryption Keys
2025-07-09 13:52:23.304: [INFO][SyncManagerImpl::ConfigureSyncer] Types to download: Preferences, Passwords, Device Info, Send Tab To Self, Edge E Drop, Encryption Keys with reason: 5
2025-07-09 13:52:23.304: [INFO][SyncSchedulerImpl::DoConfigurationSyncCycleJob] Blocked types:  and types to download: Preferences, Passwords, Device Info, Send Tab To Self, Edge E Drop, Encryption Keys
2025-07-09 13:52:41.625: [INFO][SyncEngineBackend::DoFinishConfigureDataTypes] Failed to download types:  and succeeded types: Preferences, Passwords, Device Info, Send Tab To Self, Edge E Drop, Encryption Keys
2025-07-09 13:52:41.626: [INFO][Sync] ConfigurationDone, failed: , succeeded: Preferences, Passwords, Device Info, Send Tab To Self, Edge E Drop, Encryption Keys, remaining count: 3
2025-07-09 13:52:41.626: [INFO][Sync] Prepare to configure types: Bookmarks, Encryption Keys
2025-07-09 13:52:41.626: [INFO][SyncManagerImpl::ConfigureSyncer] Types to download: Bookmarks, Encryption Keys with reason: 5
2025-07-09 13:52:41.626: [INFO][SyncSchedulerImpl::DoConfigurationSyncCycleJob] Blocked types:  and types to download: Bookmarks, Encryption Keys
2025-07-09 13:52:42.419: [INFO][SyncEngineBackend::DoFinishConfigureDataTypes] Failed to download types:  and succeeded types: Bookmarks, Encryption Keys
2025-07-09 13:52:42.433: [INFO][Sync] ConfigurationDone, failed: , succeeded: Bookmarks, Encryption Keys, remaining count: 2
2025-07-09 13:52:42.433: [INFO][Sync] Prepare to configure types: Autofill Profiles, Autofill, Extensions, Sessions, Extension settings, History Delete Directives, Web Apps, Saved Tab Group, WebAuthn Credentials, Collection, Edge Hub App Usage, Edge Wallet, Encryption Keys
2025-07-09 13:52:42.433: [INFO][SyncManagerImpl::ConfigureSyncer] Types to download: Autofill Profiles, Autofill, Extensions, Sessions, Extension settings, History Delete Directives, Web Apps, Saved Tab Group, WebAuthn Credentials, Collection, Edge Hub App Usage, Edge Wallet, Encryption Keys with reason: 5
2025-07-09 13:52:42.433: [INFO][SyncSchedulerImpl::DoConfigurationSyncCycleJob] Blocked types:  and types to download: Autofill Profiles, Autofill, Extensions, Sessions, Extension settings, History Delete Directives, Web Apps, Saved Tab Group, WebAuthn Credentials, Collection, Edge Hub App Usage, Edge Wallet, Encryption Keys
2025-07-09 13:52:46.406: [INFO][SyncEngineBackend::DoFinishConfigureDataTypes] Failed to download types:  and succeeded types: Autofill Profiles, Autofill, Extensions, Sessions, Extension settings, History Delete Directives, Web Apps, Saved Tab Group, WebAuthn Credentials, Collection, Edge Hub App Usage, Edge Wallet, Encryption Keys
2025-07-09 13:52:46.406: [INFO][Sync] ConfigurationDone, failed: , succeeded: Autofill Profiles, Autofill, Extensions, Sessions, Extension settings, History Delete Directives, Web Apps, Saved Tab Group, WebAuthn Credentials, Collection, Edge Hub App Usage, Edge Wallet, Encryption Keys, remaining count: 1
2025-07-09 13:52:46.407: [INFO][Sync] Prepare to configure types: History, Encryption Keys
2025-07-09 13:52:46.407: [INFO][SyncManagerImpl::ConfigureSyncer] Types to download: History, Encryption Keys with reason: 5
2025-07-09 13:52:46.407: [INFO][SyncSchedulerImpl::DoConfigurationSyncCycleJob] Blocked types:  and types to download: History, Encryption Keys
2025-07-09 13:52:46.651: [INFO][SyncEngineBackend::DoFinishConfigureDataTypes] Failed to download types:  and succeeded types: History, Encryption Keys
2025-07-09 13:52:46.653: [INFO][Sync] ConfigurationDone, failed: , succeeded: History, Encryption Keys, remaining count: 0
2025-07-09 13:52:46.654: [INFO][Sync]     Configuration completed, state: 7
2025-07-09 13:52:46.654: [INFO][Sync] Configured DataTypeManager: Ok
2025-07-09 13:52:46.656: [INFO][SyncEngineBackend::DoStartSyncing] Start syncing
2025-07-09 13:53:06.191: [INFO][Sync] Reset engine, reason: 0
2025-07-09 13:53:06.191: [INFO][Sync] Reset engine with reason: 0
2025-07-09 13:53:06.191: [INFO][SyncSchedulerImpl::OnSyncNetworkError] Syncer error: Network error (ERR_ABORTED)
2025-07-09 13:53:06.191: [INFO][Commit::ReportFullCommitFailure] Commit Passwords failed with error: NetworkError
2025-07-09 13:53:06.192: [INFO][SyncSchedulerImpl::DoNudgeSyncCycleJob] Syncer error: Network error (ERR_ABORTED)
2025-07-10 01:38:35.579: [INFO][Sync] SyncState after authenticated was: FeatureCanStart
2025-07-10 01:38:35.844: [INFO][Sync] Try to start sync engine
2025-07-10 01:38:35.844: [INFO][SyncManagerImpl::NudgeForInitialDownload] Initial download nudge for Encryption Keys
2025-07-10 01:38:35.844: [INFO][SyncEngineBackend::LoadAndConnectNigoriController] Load and connect Nigori controller
2025-07-10 01:38:35.844: [INFO][SyncEngineBackend::DoInitialize] Control Types added: Encryption Keys
2025-07-10 01:38:35.844: [INFO][SyncManagerImpl::ConfigureSyncer] Types to download: Encryption Keys with reason: 3
2025-07-10 01:38:35.844: [INFO][SyncSchedulerImpl::DoConfigurationSyncCycleJob] Configure job was blocked
2025-07-10 01:38:35.882: [INFO][SyncAuthManager::SetLastAuthError] Current auth error: None
2025-07-10 01:38:35.882: [INFO][SyncAuthManager::EdgeLogTokenErrorState] Token error with: None for account type: MSA
2025-07-10 01:38:35.882: [INFO][Sync] Credentials changed for: EdgeSyncScopeNew
2025-07-10 01:38:37.004: [INFO][SyncAuthManager::SetLastAuthError] Current auth error: None
2025-07-10 01:38:37.004: [INFO][SyncAuthManager::EdgeLogTokenErrorState] Token error with: None for account type: MSA
2025-07-10 01:38:37.004: [INFO][Sync] Credentials changed for: EdgeSyncKeyDataScope
2025-07-10 01:38:37.004: [INFO][SyncEngineBackend::DoUpdateKeyDataCredentials] Update key data credentials
2025-07-10 01:38:37.004: [INFO][SyncEngineBackend::DoUpdateCredentials] Update credentials
2025-07-10 01:38:37.004: [INFO][SyncSchedulerImpl::DoConfigurationSyncCycleJob] Blocked types:  and types to download: Encryption Keys
2025-07-10 01:38:37.580: [INFO][Sync] Started DataTypeManager configuration, reason: 4
2025-07-10 01:38:37.580: [INFO][Sync] Configuring for: Bookmarks, Preferences, Passwords, Autofill Profiles, Autofill, Extensions, Sessions, Extension settings, History Delete Directives, Device Info, User Consents, Send Tab To Self, Web Apps, History, Saved Tab Group, WebAuthn Credentials, Collection, Edge E Drop, Edge Hub App Usage, Edge Wallet, Encryption Keys, reason: 4, current state: 0
2025-07-10 01:38:37.580: [WARN][Sync] Crypto error data types: Passwords, Autofill Profiles, Autofill
2025-07-10 01:38:37.581: [INFO][Sync] Configure, desired: Bookmarks, Preferences, Extensions, Sessions, Extension settings, History Delete Directives, Device Info, User Consents, Send Tab To Self, Web Apps, History, Saved Tab Group, WebAuthn Credentials, Collection, Edge E Drop, Edge Hub App Usage, Edge Wallet, Encryption Keys; Allow fail: Passwords, Autofill Profiles, Autofill
2025-07-10 01:38:37.581: [INFO][Sync] Loading: Bookmarks
2025-07-10 01:38:37.581: [INFO][Sync] Loading: Preferences
2025-07-10 01:38:37.581: [INFO][Sync] Loading: Extensions
2025-07-10 01:38:37.581: [INFO][Sync] Loading: Sessions
2025-07-10 01:38:37.581: [INFO][Sync] Loading: Extension settings
2025-07-10 01:38:37.582: [INFO][Sync] Loading: History Delete Directives
2025-07-10 01:38:37.582: [INFO][Sync] Loading: Device Info
2025-07-10 01:38:37.582: [INFO][Sync] Loading: User Consents
2025-07-10 01:38:37.582: [INFO][Sync] Loading: Send Tab To Self
2025-07-10 01:38:37.582: [INFO][Sync] Loading: Web Apps
2025-07-10 01:38:37.582: [INFO][Sync] Loading: History
2025-07-10 01:38:37.582: [INFO][Sync] Loading: Saved Tab Group
2025-07-10 01:38:37.582: [INFO][Sync] Loading: WebAuthn Credentials
2025-07-10 01:38:37.582: [INFO][Sync] Loading: Collection
2025-07-10 01:38:37.582: [INFO][Sync] Loading: Edge E Drop
2025-07-10 01:38:37.582: [INFO][Sync] Loading: Edge Hub App Usage
2025-07-10 01:38:37.582: [INFO][Sync] Loading: Edge Wallet
2025-07-10 01:38:37.585: [INFO][Sync] All data types are ready for configure.
2025-07-10 01:38:38.186: [INFO][Sync] Started DataTypeManager configuration, reason: 5
2025-07-10 01:38:38.186: [INFO][Sync] Configuring for: Bookmarks, Preferences, Passwords, Autofill Profiles, Autofill, Extensions, Sessions, Extension settings, History Delete Directives, Device Info, User Consents, Send Tab To Self, Web Apps, History, Saved Tab Group, WebAuthn Credentials, Collection, Edge E Drop, Edge Hub App Usage, Edge Wallet, Encryption Keys, reason: 5, current state: 1
2025-07-10 01:38:38.191: [INFO][SyncEngineBackend::DoStartConfiguration] Start configuration
2025-07-10 01:38:38.191: [INFO][SyncManagerImpl::ConfigureSyncer] Types to download:  with reason: 4
2025-07-10 01:38:38.191: [INFO][SyncEngineBackend::DoFinishConfigureDataTypes] Failed to download types:  and succeeded types: 
2025-07-10 01:38:38.191: [INFO][Sync] ConfigurationDone, failed: , succeeded: , remaining count: 4
2025-07-10 01:38:38.191: [WARN][Sync]     Reconfigure requested while configuration ongoing.
2025-07-10 01:38:38.191: [INFO][Sync] Configuring for: Bookmarks, Preferences, Passwords, Autofill Profiles, Autofill, Extensions, Sessions, Extension settings, History Delete Directives, Device Info, User Consents, Send Tab To Self, Web Apps, History, Saved Tab Group, WebAuthn Credentials, Collection, Edge E Drop, Edge Hub App Usage, Edge Wallet, Encryption Keys, reason: 5, current state: 2
2025-07-10 01:38:38.191: [INFO][Sync] Configure, desired: Bookmarks, Preferences, Passwords, Autofill Profiles, Autofill, Extensions, Sessions, Extension settings, History Delete Directives, Device Info, User Consents, Send Tab To Self, Web Apps, History, Saved Tab Group, WebAuthn Credentials, Collection, Edge E Drop, Edge Hub App Usage, Edge Wallet, Encryption Keys; Allow fail: 
2025-07-10 01:38:38.191: [INFO][Sync] Loading: Passwords
2025-07-10 01:38:38.191: [INFO][Sync] Loading: Autofill Profiles
2025-07-10 01:38:38.191: [INFO][Sync] Loading: Autofill
2025-07-10 01:38:38.191: [INFO][Sync] All data types are ready for configure.
2025-07-10 01:38:38.191: [INFO][SyncManagerImpl::NudgeForInitialDownload] Initial download nudge for Passwords
2025-07-10 01:38:38.191: [INFO][SyncManagerImpl::ConfigureSyncer] Types to download:  with reason: 5
2025-07-10 01:38:38.191: [INFO][SyncEngineBackend::DoFinishConfigureDataTypes] Failed to download types:  and succeeded types: 
2025-07-10 01:38:38.191: [INFO][Sync] ConfigurationDone, failed: , succeeded: , remaining count: 4
2025-07-10 01:38:38.191: [INFO][Sync] Prepare to configure types: Passwords, Encryption Keys
2025-07-10 01:38:38.191: [INFO][SyncManagerImpl::ConfigureSyncer] Types to download: Passwords, Encryption Keys with reason: 5
2025-07-10 01:38:38.191: [INFO][SyncSchedulerImpl::DoConfigurationSyncCycleJob] Blocked types:  and types to download: Passwords, Encryption Keys
2025-07-10 01:38:39.272: [INFO][SyncEngineBackend::DoFinishConfigureDataTypes] Failed to download types:  and succeeded types: Passwords, Encryption Keys
2025-07-10 01:38:39.273: [INFO][Sync] ConfigurationDone, failed: , succeeded: Passwords, Encryption Keys, remaining count: 3
2025-07-10 01:38:39.273: [INFO][SyncManagerImpl::ConfigureSyncer] Types to download:  with reason: 5
2025-07-10 01:38:39.273: [INFO][SyncEngineBackend::DoFinishConfigureDataTypes] Failed to download types:  and succeeded types: 
2025-07-10 01:38:39.273: [INFO][Sync] ConfigurationDone, failed: , succeeded: , remaining count: 2
2025-07-10 01:38:39.273: [INFO][SyncManagerImpl::ConfigureSyncer] Types to download:  with reason: 5
2025-07-10 01:38:39.273: [INFO][SyncEngineBackend::DoFinishConfigureDataTypes] Failed to download types:  and succeeded types: 
2025-07-10 01:38:39.276: [INFO][Sync] ConfigurationDone, failed: , succeeded: , remaining count: 1
2025-07-10 01:38:39.277: [INFO][SyncManagerImpl::ConfigureSyncer] Types to download:  with reason: 5
2025-07-10 01:38:39.277: [INFO][SyncEngineBackend::DoFinishConfigureDataTypes] Failed to download types:  and succeeded types: 
2025-07-10 01:38:39.277: [INFO][Sync] ConfigurationDone, failed: , succeeded: , remaining count: 0
2025-07-10 01:38:39.278: [INFO][Sync]     Configuration completed, state: 7
2025-07-10 01:38:39.279: [INFO][Sync] Configured DataTypeManager: Ok
2025-07-10 01:38:39.280: [INFO][SyncEngineBackend::DoStartSyncing] Start syncing
2025-07-10 01:40:14.329: [INFO][Sync] Reset engine, reason: 0
2025-07-10 01:40:14.329: [INFO][Sync] Reset engine with reason: 0
2025-07-10 01:40:38.168: [INFO][Sync] SyncState after authenticated was: FeatureCanStart
2025-07-10 01:40:38.455: [INFO][Sync] Try to start sync engine
2025-07-10 01:40:38.456: [INFO][SyncManagerImpl::NudgeForInitialDownload] Initial download nudge for Encryption Keys
2025-07-10 01:40:38.456: [INFO][SyncEngineBackend::LoadAndConnectNigoriController] Load and connect Nigori controller
2025-07-10 01:40:38.456: [INFO][SyncEngineBackend::DoInitialize] Control Types added: Encryption Keys
2025-07-10 01:40:38.456: [INFO][SyncManagerImpl::ConfigureSyncer] Types to download: Encryption Keys with reason: 3
2025-07-10 01:40:38.456: [INFO][SyncSchedulerImpl::DoConfigurationSyncCycleJob] Configure job was blocked
2025-07-10 01:40:38.498: [INFO][SyncAuthManager::SetLastAuthError] Current auth error: None
2025-07-10 01:40:38.498: [INFO][SyncAuthManager::EdgeLogTokenErrorState] Token error with: None for account type: MSA
2025-07-10 01:40:38.498: [INFO][Sync] Credentials changed for: EdgeSyncScopeNew
2025-07-10 01:40:39.699: [INFO][SyncAuthManager::SetLastAuthError] Current auth error: None
2025-07-10 01:40:39.699: [INFO][SyncAuthManager::EdgeLogTokenErrorState] Token error with: None for account type: MSA
2025-07-10 01:40:39.699: [INFO][Sync] Credentials changed for: EdgeSyncKeyDataScope
2025-07-10 01:40:39.699: [INFO][SyncEngineBackend::DoUpdateKeyDataCredentials] Update key data credentials
2025-07-10 01:40:39.699: [INFO][SyncEngineBackend::DoUpdateCredentials] Update credentials
2025-07-10 01:40:39.699: [INFO][SyncSchedulerImpl::DoConfigurationSyncCycleJob] Blocked types:  and types to download: Encryption Keys
2025-07-10 01:40:40.113: [INFO][Sync] Started DataTypeManager configuration, reason: 4
2025-07-10 01:40:40.113: [INFO][Sync] Configuring for: Bookmarks, Preferences, Passwords, Autofill Profiles, Autofill, Extensions, Sessions, Extension settings, History Delete Directives, Device Info, User Consents, Send Tab To Self, Web Apps, History, Saved Tab Group, WebAuthn Credentials, Collection, Edge E Drop, Edge Hub App Usage, Edge Wallet, Encryption Keys, reason: 4, current state: 0
2025-07-10 01:40:40.113: [WARN][Sync] Crypto error data types: Passwords, Autofill Profiles, Autofill
2025-07-10 01:40:40.115: [INFO][Sync] Configure, desired: Bookmarks, Preferences, Extensions, Sessions, Extension settings, History Delete Directives, Device Info, User Consents, Send Tab To Self, Web Apps, History, Saved Tab Group, WebAuthn Credentials, Collection, Edge E Drop, Edge Hub App Usage, Edge Wallet, Encryption Keys; Allow fail: Passwords, Autofill Profiles, Autofill
2025-07-10 01:40:40.115: [INFO][Sync] Loading: Bookmarks
2025-07-10 01:40:40.115: [INFO][Sync] Loading: Preferences
2025-07-10 01:40:40.115: [INFO][Sync] Loading: Extensions
2025-07-10 01:40:40.115: [INFO][Sync] Loading: Sessions
2025-07-10 01:40:40.115: [INFO][Sync] Loading: Extension settings
2025-07-10 01:40:40.115: [INFO][Sync] Loading: History Delete Directives
2025-07-10 01:40:40.115: [INFO][Sync] Loading: Device Info
2025-07-10 01:40:40.115: [INFO][Sync] Loading: User Consents
2025-07-10 01:40:40.115: [INFO][Sync] Loading: Send Tab To Self
2025-07-10 01:40:40.115: [INFO][Sync] Loading: Web Apps
2025-07-10 01:40:40.115: [INFO][Sync] Loading: History
2025-07-10 01:40:40.115: [INFO][Sync] Loading: Saved Tab Group
2025-07-10 01:40:40.115: [INFO][Sync] Loading: WebAuthn Credentials
2025-07-10 01:40:40.115: [INFO][Sync] Loading: Collection
2025-07-10 01:40:40.115: [INFO][Sync] Loading: Edge E Drop
2025-07-10 01:40:40.115: [INFO][Sync] Loading: Edge Hub App Usage
2025-07-10 01:40:40.115: [INFO][Sync] Loading: Edge Wallet
2025-07-10 01:40:40.119: [INFO][Sync] All data types are ready for configure.
2025-07-10 01:40:40.718: [INFO][Sync] Started DataTypeManager configuration, reason: 5
2025-07-10 01:40:40.718: [INFO][Sync] Configuring for: Bookmarks, Preferences, Passwords, Autofill Profiles, Autofill, Extensions, Sessions, Extension settings, History Delete Directives, Device Info, User Consents, Send Tab To Self, Web Apps, History, Saved Tab Group, WebAuthn Credentials, Collection, Edge E Drop, Edge Hub App Usage, Edge Wallet, Encryption Keys, reason: 5, current state: 1
2025-07-10 01:40:40.723: [INFO][SyncEngineBackend::DoStartConfiguration] Start configuration
2025-07-10 01:40:40.723: [INFO][SyncManagerImpl::ConfigureSyncer] Types to download:  with reason: 4
2025-07-10 01:40:40.723: [INFO][SyncEngineBackend::DoFinishConfigureDataTypes] Failed to download types:  and succeeded types: 
2025-07-10 01:40:40.725: [INFO][Sync] ConfigurationDone, failed: , succeeded: , remaining count: 4
2025-07-10 01:40:40.725: [WARN][Sync]     Reconfigure requested while configuration ongoing.
2025-07-10 01:40:40.725: [INFO][Sync] Configuring for: Bookmarks, Preferences, Passwords, Autofill Profiles, Autofill, Extensions, Sessions, Extension settings, History Delete Directives, Device Info, User Consents, Send Tab To Self, Web Apps, History, Saved Tab Group, WebAuthn Credentials, Collection, Edge E Drop, Edge Hub App Usage, Edge Wallet, Encryption Keys, reason: 5, current state: 2
2025-07-10 01:40:40.725: [INFO][Sync] Configure, desired: Bookmarks, Preferences, Passwords, Autofill Profiles, Autofill, Extensions, Sessions, Extension settings, History Delete Directives, Device Info, User Consents, Send Tab To Self, Web Apps, History, Saved Tab Group, WebAuthn Credentials, Collection, Edge E Drop, Edge Hub App Usage, Edge Wallet, Encryption Keys; Allow fail: 
2025-07-10 01:40:40.725: [INFO][Sync] Loading: Passwords
2025-07-10 01:40:40.725: [INFO][Sync] Loading: Autofill Profiles
2025-07-10 01:40:40.725: [INFO][Sync] Loading: Autofill
2025-07-10 01:40:40.726: [INFO][Sync] All data types are ready for configure.
2025-07-10 01:40:40.726: [INFO][SyncManagerImpl::NudgeForInitialDownload] Initial download nudge for Passwords
2025-07-10 01:40:40.726: [INFO][SyncManagerImpl::ConfigureSyncer] Types to download:  with reason: 5
2025-07-10 01:40:40.726: [INFO][SyncEngineBackend::DoFinishConfigureDataTypes] Failed to download types:  and succeeded types: 
2025-07-10 01:40:40.726: [INFO][Sync] ConfigurationDone, failed: , succeeded: , remaining count: 4
2025-07-10 01:40:40.726: [INFO][Sync] Prepare to configure types: Passwords, Encryption Keys
2025-07-10 01:40:40.726: [INFO][SyncManagerImpl::ConfigureSyncer] Types to download: Passwords, Encryption Keys with reason: 5
2025-07-10 01:40:40.726: [INFO][SyncSchedulerImpl::DoConfigurationSyncCycleJob] Blocked types:  and types to download: Passwords, Encryption Keys
2025-07-10 01:40:41.249: [INFO][SyncEngineBackend::DoFinishConfigureDataTypes] Failed to download types:  and succeeded types: Passwords, Encryption Keys
2025-07-10 01:40:41.250: [INFO][Sync] ConfigurationDone, failed: , succeeded: Passwords, Encryption Keys, remaining count: 3
2025-07-10 01:40:41.250: [INFO][SyncManagerImpl::ConfigureSyncer] Types to download:  with reason: 5
2025-07-10 01:40:41.250: [INFO][SyncEngineBackend::DoFinishConfigureDataTypes] Failed to download types:  and succeeded types: 
2025-07-10 01:40:41.250: [INFO][Sync] ConfigurationDone, failed: , succeeded: , remaining count: 2
2025-07-10 01:40:41.250: [INFO][SyncManagerImpl::ConfigureSyncer] Types to download:  with reason: 5
2025-07-10 01:40:41.250: [INFO][SyncEngineBackend::DoFinishConfigureDataTypes] Failed to download types:  and succeeded types: 
2025-07-10 01:40:41.250: [INFO][Sync] ConfigurationDone, failed: , succeeded: , remaining count: 1
2025-07-10 01:40:41.251: [INFO][SyncManagerImpl::ConfigureSyncer] Types to download:  with reason: 5
2025-07-10 01:40:41.251: [INFO][SyncEngineBackend::DoFinishConfigureDataTypes] Failed to download types:  and succeeded types: 
2025-07-10 01:40:41.251: [INFO][Sync] ConfigurationDone, failed: , succeeded: , remaining count: 0
2025-07-10 01:40:41.252: [INFO][Sync]     Configuration completed, state: 7
2025-07-10 01:40:41.253: [INFO][Sync] Configured DataTypeManager: Ok
2025-07-10 01:40:41.254: [INFO][SyncEngineBackend::DoStartSyncing] Start syncing
2025-07-10 01:41:34.086: [INFO][Sync] Reset engine, reason: 0
2025-07-10 01:41:34.086: [INFO][Sync] Reset engine with reason: 0
2025-07-10 01:53:04.747: [INFO][Sync] SyncState after authenticated was: FeatureCanStart
2025-07-10 01:53:05.007: [INFO][Sync] Try to start sync engine
2025-07-10 01:53:05.008: [INFO][SyncManagerImpl::NudgeForInitialDownload] Initial download nudge for Encryption Keys
2025-07-10 01:53:05.008: [INFO][SyncEngineBackend::LoadAndConnectNigoriController] Load and connect Nigori controller
2025-07-10 01:53:05.008: [INFO][SyncEngineBackend::DoInitialize] Control Types added: Encryption Keys
2025-07-10 01:53:05.008: [INFO][SyncManagerImpl::ConfigureSyncer] Types to download: Encryption Keys with reason: 3
2025-07-10 01:53:05.008: [INFO][SyncSchedulerImpl::DoConfigurationSyncCycleJob] Configure job was blocked
2025-07-10 01:53:05.040: [INFO][SyncAuthManager::SetLastAuthError] Current auth error: None
2025-07-10 01:53:05.040: [INFO][SyncAuthManager::EdgeLogTokenErrorState] Token error with: None for account type: MSA
2025-07-10 01:53:05.040: [INFO][Sync] Credentials changed for: EdgeSyncScopeNew
2025-07-10 01:53:06.133: [INFO][SyncAuthManager::SetLastAuthError] Current auth error: None
2025-07-10 01:53:06.133: [INFO][SyncAuthManager::EdgeLogTokenErrorState] Token error with: None for account type: MSA
2025-07-10 01:53:06.133: [INFO][Sync] Credentials changed for: EdgeSyncKeyDataScope
2025-07-10 01:53:06.133: [INFO][SyncEngineBackend::DoUpdateKeyDataCredentials] Update key data credentials
2025-07-10 01:53:06.133: [INFO][SyncEngineBackend::DoUpdateCredentials] Update credentials
2025-07-10 01:53:06.133: [INFO][SyncSchedulerImpl::DoConfigurationSyncCycleJob] Blocked types:  and types to download: Encryption Keys
2025-07-10 01:53:06.650: [INFO][Sync] Started DataTypeManager configuration, reason: 4
2025-07-10 01:53:06.650: [INFO][Sync] Configuring for: Bookmarks, Preferences, Passwords, Autofill Profiles, Autofill, Extensions, Sessions, Extension settings, History Delete Directives, Device Info, User Consents, Send Tab To Self, Web Apps, History, Saved Tab Group, WebAuthn Credentials, Collection, Edge E Drop, Edge Hub App Usage, Edge Wallet, Encryption Keys, reason: 4, current state: 0
2025-07-10 01:53:06.650: [WARN][Sync] Crypto error data types: Passwords, Autofill Profiles, Autofill
2025-07-10 01:53:06.652: [INFO][Sync] Configure, desired: Bookmarks, Preferences, Extensions, Sessions, Extension settings, History Delete Directives, Device Info, User Consents, Send Tab To Self, Web Apps, History, Saved Tab Group, WebAuthn Credentials, Collection, Edge E Drop, Edge Hub App Usage, Edge Wallet, Encryption Keys; Allow fail: Passwords, Autofill Profiles, Autofill
2025-07-10 01:53:06.652: [INFO][Sync] Loading: Bookmarks
2025-07-10 01:53:06.652: [INFO][Sync] Loading: Preferences
2025-07-10 01:53:06.652: [INFO][Sync] Loading: Extensions
2025-07-10 01:53:06.652: [INFO][Sync] Loading: Sessions
2025-07-10 01:53:06.652: [INFO][Sync] Loading: Extension settings
2025-07-10 01:53:06.652: [INFO][Sync] Loading: History Delete Directives
2025-07-10 01:53:06.652: [INFO][Sync] Loading: Device Info
2025-07-10 01:53:06.652: [INFO][Sync] Loading: User Consents
2025-07-10 01:53:06.652: [INFO][Sync] Loading: Send Tab To Self
2025-07-10 01:53:06.652: [INFO][Sync] Loading: Web Apps
2025-07-10 01:53:06.652: [INFO][Sync] Loading: History
2025-07-10 01:53:06.652: [INFO][Sync] Loading: Saved Tab Group
2025-07-10 01:53:06.652: [INFO][Sync] Loading: WebAuthn Credentials
2025-07-10 01:53:06.652: [INFO][Sync] Loading: Collection
2025-07-10 01:53:06.652: [INFO][Sync] Loading: Edge E Drop
2025-07-10 01:53:06.652: [INFO][Sync] Loading: Edge Hub App Usage
2025-07-10 01:53:06.652: [INFO][Sync] Loading: Edge Wallet
2025-07-10 01:53:06.655: [INFO][Sync] All data types are ready for configure.
2025-07-10 01:53:08.095: [INFO][Sync] Started DataTypeManager configuration, reason: 5
2025-07-10 01:53:08.095: [INFO][Sync] Configuring for: Bookmarks, Preferences, Passwords, Autofill Profiles, Autofill, Extensions, Sessions, Extension settings, History Delete Directives, Device Info, User Consents, Send Tab To Self, Web Apps, History, Saved Tab Group, WebAuthn Credentials, Collection, Edge E Drop, Edge Hub App Usage, Edge Wallet, Encryption Keys, reason: 5, current state: 1
2025-07-10 01:53:08.099: [INFO][SyncEngineBackend::DoStartConfiguration] Start configuration
2025-07-10 01:53:08.099: [INFO][SyncManagerImpl::ConfigureSyncer] Types to download:  with reason: 4
2025-07-10 01:53:08.099: [INFO][SyncEngineBackend::DoFinishConfigureDataTypes] Failed to download types:  and succeeded types: 
2025-07-10 01:53:08.099: [INFO][Sync] ConfigurationDone, failed: , succeeded: , remaining count: 4
2025-07-10 01:53:08.099: [WARN][Sync]     Reconfigure requested while configuration ongoing.
2025-07-10 01:53:08.099: [INFO][Sync] Configuring for: Bookmarks, Preferences, Passwords, Autofill Profiles, Autofill, Extensions, Sessions, Extension settings, History Delete Directives, Device Info, User Consents, Send Tab To Self, Web Apps, History, Saved Tab Group, WebAuthn Credentials, Collection, Edge E Drop, Edge Hub App Usage, Edge Wallet, Encryption Keys, reason: 5, current state: 2
2025-07-10 01:53:08.099: [INFO][Sync] Configure, desired: Bookmarks, Preferences, Passwords, Autofill Profiles, Autofill, Extensions, Sessions, Extension settings, History Delete Directives, Device Info, User Consents, Send Tab To Self, Web Apps, History, Saved Tab Group, WebAuthn Credentials, Collection, Edge E Drop, Edge Hub App Usage, Edge Wallet, Encryption Keys; Allow fail: 
2025-07-10 01:53:08.099: [INFO][Sync] Loading: Passwords
2025-07-10 01:53:08.099: [INFO][Sync] Loading: Autofill Profiles
2025-07-10 01:53:08.099: [INFO][Sync] Loading: Autofill
2025-07-10 01:53:08.099: [INFO][Sync] All data types are ready for configure.
2025-07-10 01:53:08.099: [INFO][SyncManagerImpl::NudgeForInitialDownload] Initial download nudge for Passwords
2025-07-10 01:53:08.099: [INFO][SyncManagerImpl::ConfigureSyncer] Types to download:  with reason: 5
2025-07-10 01:53:08.099: [INFO][SyncEngineBackend::DoFinishConfigureDataTypes] Failed to download types:  and succeeded types: 
2025-07-10 01:53:08.099: [INFO][Sync] ConfigurationDone, failed: , succeeded: , remaining count: 4
2025-07-10 01:53:08.099: [INFO][Sync] Prepare to configure types: Passwords, Encryption Keys
2025-07-10 01:53:08.100: [INFO][SyncManagerImpl::ConfigureSyncer] Types to download: Passwords, Encryption Keys with reason: 5
2025-07-10 01:53:08.100: [INFO][SyncSchedulerImpl::DoConfigurationSyncCycleJob] Blocked types:  and types to download: Passwords, Encryption Keys
2025-07-10 01:53:09.115: [INFO][SyncEngineBackend::DoFinishConfigureDataTypes] Failed to download types:  and succeeded types: Passwords, Encryption Keys
2025-07-10 01:53:09.117: [INFO][Sync] ConfigurationDone, failed: , succeeded: Passwords, Encryption Keys, remaining count: 3
2025-07-10 01:53:09.117: [INFO][SyncManagerImpl::ConfigureSyncer] Types to download:  with reason: 5
2025-07-10 01:53:09.117: [INFO][SyncEngineBackend::DoFinishConfigureDataTypes] Failed to download types:  and succeeded types: 
2025-07-10 01:53:09.117: [INFO][Sync] ConfigurationDone, failed: , succeeded: , remaining count: 2
2025-07-10 01:53:09.117: [INFO][SyncManagerImpl::ConfigureSyncer] Types to download:  with reason: 5
2025-07-10 01:53:09.117: [INFO][SyncEngineBackend::DoFinishConfigureDataTypes] Failed to download types:  and succeeded types: 
2025-07-10 01:53:09.117: [INFO][Sync] ConfigurationDone, failed: , succeeded: , remaining count: 1
2025-07-10 01:53:09.120: [INFO][SyncManagerImpl::ConfigureSyncer] Types to download:  with reason: 5
2025-07-10 01:53:09.120: [INFO][SyncEngineBackend::DoFinishConfigureDataTypes] Failed to download types:  and succeeded types: 
2025-07-10 01:53:09.123: [INFO][Sync] ConfigurationDone, failed: , succeeded: , remaining count: 0
2025-07-10 01:53:09.124: [INFO][Sync]     Configuration completed, state: 7
2025-07-10 01:53:09.124: [INFO][Sync] Configured DataTypeManager: Ok
2025-07-10 01:53:09.126: [INFO][SyncEngineBackend::DoStartSyncing] Start syncing
2025-07-10 01:53:51.818: [INFO][Sync] Reset engine, reason: 0
2025-07-10 01:53:51.818: [INFO][Sync] Reset engine with reason: 0
2025-07-10 02:18:49.817: [INFO][Sync] SyncState after authenticated was: FeatureCanStart
2025-07-10 02:18:50.102: [INFO][Sync] Try to start sync engine
2025-07-10 02:18:50.103: [INFO][SyncManagerImpl::NudgeForInitialDownload] Initial download nudge for Encryption Keys
2025-07-10 02:18:50.103: [INFO][SyncEngineBackend::LoadAndConnectNigoriController] Load and connect Nigori controller
2025-07-10 02:18:50.103: [INFO][SyncEngineBackend::DoInitialize] Control Types added: Encryption Keys
2025-07-10 02:18:50.103: [INFO][SyncManagerImpl::ConfigureSyncer] Types to download: Encryption Keys with reason: 3
2025-07-10 02:18:50.103: [INFO][SyncSchedulerImpl::DoConfigurationSyncCycleJob] Configure job was blocked
2025-07-10 02:18:50.136: [INFO][SyncAuthManager::SetLastAuthError] Current auth error: None
2025-07-10 02:18:50.136: [INFO][SyncAuthManager::EdgeLogTokenErrorState] Token error with: None for account type: MSA
2025-07-10 02:18:50.136: [INFO][Sync] Credentials changed for: EdgeSyncScopeNew
2025-07-10 02:18:51.325: [INFO][SyncAuthManager::SetLastAuthError] Current auth error: None
2025-07-10 02:18:51.325: [INFO][SyncAuthManager::EdgeLogTokenErrorState] Token error with: None for account type: MSA
2025-07-10 02:18:51.325: [INFO][Sync] Credentials changed for: EdgeSyncKeyDataScope
2025-07-10 02:18:51.325: [INFO][SyncEngineBackend::DoUpdateKeyDataCredentials] Update key data credentials
2025-07-10 02:18:51.325: [INFO][SyncEngineBackend::DoUpdateCredentials] Update credentials
2025-07-10 02:18:51.325: [INFO][SyncSchedulerImpl::DoConfigurationSyncCycleJob] Blocked types:  and types to download: Encryption Keys
2025-07-10 02:18:51.717: [INFO][Sync] Started DataTypeManager configuration, reason: 4
2025-07-10 02:18:51.717: [INFO][Sync] Configuring for: Bookmarks, Preferences, Passwords, Autofill Profiles, Autofill, Extensions, Sessions, Extension settings, History Delete Directives, Device Info, User Consents, Send Tab To Self, Web Apps, History, Saved Tab Group, WebAuthn Credentials, Collection, Edge E Drop, Edge Hub App Usage, Edge Wallet, Encryption Keys, reason: 4, current state: 0
2025-07-10 02:18:51.717: [WARN][Sync] Crypto error data types: Passwords, Autofill Profiles, Autofill
2025-07-10 02:18:51.719: [INFO][Sync] Configure, desired: Bookmarks, Preferences, Extensions, Sessions, Extension settings, History Delete Directives, Device Info, User Consents, Send Tab To Self, Web Apps, History, Saved Tab Group, WebAuthn Credentials, Collection, Edge E Drop, Edge Hub App Usage, Edge Wallet, Encryption Keys; Allow fail: Passwords, Autofill Profiles, Autofill
2025-07-10 02:18:51.719: [INFO][Sync] Loading: Bookmarks
2025-07-10 02:18:51.719: [INFO][Sync] Loading: Preferences
2025-07-10 02:18:51.719: [INFO][Sync] Loading: Extensions
2025-07-10 02:18:51.719: [INFO][Sync] Loading: Sessions
2025-07-10 02:18:51.719: [INFO][Sync] Loading: Extension settings
2025-07-10 02:18:51.719: [INFO][Sync] Loading: History Delete Directives
2025-07-10 02:18:51.719: [INFO][Sync] Loading: Device Info
2025-07-10 02:18:51.719: [INFO][Sync] Loading: User Consents
2025-07-10 02:18:51.719: [INFO][Sync] Loading: Send Tab To Self
2025-07-10 02:18:51.719: [INFO][Sync] Loading: Web Apps
2025-07-10 02:18:51.719: [INFO][Sync] Loading: History
2025-07-10 02:18:51.719: [INFO][Sync] Loading: Saved Tab Group
2025-07-10 02:18:51.719: [INFO][Sync] Loading: WebAuthn Credentials
2025-07-10 02:18:51.719: [INFO][Sync] Loading: Collection
2025-07-10 02:18:51.719: [INFO][Sync] Loading: Edge E Drop
2025-07-10 02:18:51.719: [INFO][Sync] Loading: Edge Hub App Usage
2025-07-10 02:18:51.719: [INFO][Sync] Loading: Edge Wallet
2025-07-10 02:18:51.725: [INFO][Sync] All data types are ready for configure.
2025-07-10 02:18:52.283: [INFO][Sync] Started DataTypeManager configuration, reason: 5
2025-07-10 02:18:52.283: [INFO][Sync] Configuring for: Bookmarks, Preferences, Passwords, Autofill Profiles, Autofill, Extensions, Sessions, Extension settings, History Delete Directives, Device Info, User Consents, Send Tab To Self, Web Apps, History, Saved Tab Group, WebAuthn Credentials, Collection, Edge E Drop, Edge Hub App Usage, Edge Wallet, Encryption Keys, reason: 5, current state: 1
2025-07-10 02:18:52.288: [INFO][SyncEngineBackend::DoStartConfiguration] Start configuration
2025-07-10 02:18:52.288: [INFO][SyncManagerImpl::ConfigureSyncer] Types to download:  with reason: 4
2025-07-10 02:18:52.288: [INFO][SyncEngineBackend::DoFinishConfigureDataTypes] Failed to download types:  and succeeded types: 
2025-07-10 02:18:52.289: [INFO][Sync] ConfigurationDone, failed: , succeeded: , remaining count: 4
2025-07-10 02:18:52.289: [WARN][Sync]     Reconfigure requested while configuration ongoing.
2025-07-10 02:18:52.289: [INFO][Sync] Configuring for: Bookmarks, Preferences, Passwords, Autofill Profiles, Autofill, Extensions, Sessions, Extension settings, History Delete Directives, Device Info, User Consents, Send Tab To Self, Web Apps, History, Saved Tab Group, WebAuthn Credentials, Collection, Edge E Drop, Edge Hub App Usage, Edge Wallet, Encryption Keys, reason: 5, current state: 2
2025-07-10 02:18:52.289: [INFO][Sync] Configure, desired: Bookmarks, Preferences, Passwords, Autofill Profiles, Autofill, Extensions, Sessions, Extension settings, History Delete Directives, Device Info, User Consents, Send Tab To Self, Web Apps, History, Saved Tab Group, WebAuthn Credentials, Collection, Edge E Drop, Edge Hub App Usage, Edge Wallet, Encryption Keys; Allow fail: 
2025-07-10 02:18:52.289: [INFO][Sync] Loading: Passwords
2025-07-10 02:18:52.289: [INFO][Sync] Loading: Autofill Profiles
2025-07-10 02:18:52.289: [INFO][Sync] Loading: Autofill
2025-07-10 02:18:52.289: [INFO][Sync] All data types are ready for configure.
2025-07-10 02:18:52.289: [INFO][SyncManagerImpl::NudgeForInitialDownload] Initial download nudge for Passwords
2025-07-10 02:18:52.289: [INFO][SyncManagerImpl::ConfigureSyncer] Types to download:  with reason: 5
2025-07-10 02:18:52.289: [INFO][SyncEngineBackend::DoFinishConfigureDataTypes] Failed to download types:  and succeeded types: 
2025-07-10 02:18:52.289: [INFO][Sync] ConfigurationDone, failed: , succeeded: , remaining count: 4
2025-07-10 02:18:52.289: [INFO][Sync] Prepare to configure types: Passwords, Encryption Keys
2025-07-10 02:18:52.290: [INFO][SyncManagerImpl::ConfigureSyncer] Types to download: Passwords, Encryption Keys with reason: 5
2025-07-10 02:18:52.290: [INFO][SyncSchedulerImpl::DoConfigurationSyncCycleJob] Blocked types:  and types to download: Passwords, Encryption Keys
2025-07-10 02:18:52.800: [INFO][SyncEngineBackend::DoFinishConfigureDataTypes] Failed to download types:  and succeeded types: Passwords, Encryption Keys
2025-07-10 02:18:52.803: [INFO][Sync] ConfigurationDone, failed: , succeeded: Passwords, Encryption Keys, remaining count: 3
2025-07-10 02:18:52.804: [INFO][SyncManagerImpl::ConfigureSyncer] Types to download:  with reason: 5
2025-07-10 02:18:52.804: [INFO][SyncEngineBackend::DoFinishConfigureDataTypes] Failed to download types:  and succeeded types: 
2025-07-10 02:18:52.806: [INFO][Sync] ConfigurationDone, failed: , succeeded: , remaining count: 2
2025-07-10 02:18:52.806: [INFO][SyncManagerImpl::ConfigureSyncer] Types to download:  with reason: 5
2025-07-10 02:18:52.806: [INFO][SyncEngineBackend::DoFinishConfigureDataTypes] Failed to download types:  and succeeded types: 
2025-07-10 02:18:52.806: [INFO][Sync] ConfigurationDone, failed: , succeeded: , remaining count: 1
2025-07-10 02:18:52.807: [INFO][SyncManagerImpl::ConfigureSyncer] Types to download:  with reason: 5
2025-07-10 02:18:52.807: [INFO][SyncEngineBackend::DoFinishConfigureDataTypes] Failed to download types:  and succeeded types: 
2025-07-10 02:18:52.807: [INFO][Sync] ConfigurationDone, failed: , succeeded: , remaining count: 0
2025-07-10 02:18:52.808: [INFO][Sync]     Configuration completed, state: 7
2025-07-10 02:18:52.808: [INFO][Sync] Configured DataTypeManager: Ok
2025-07-10 02:18:52.809: [INFO][SyncEngineBackend::DoStartSyncing] Start syncing
2025-07-10 02:19:07.992: [INFO][Sync] Reset engine, reason: 0
2025-07-10 02:19:07.992: [INFO][Sync] Reset engine with reason: 0
2025-07-10 02:26:52.495: [INFO][Sync] SyncState after authenticated was: FeatureCanStart
2025-07-10 02:26:52.783: [INFO][Sync] Try to start sync engine
2025-07-10 02:26:52.784: [INFO][SyncManagerImpl::NudgeForInitialDownload] Initial download nudge for Encryption Keys
2025-07-10 02:26:52.784: [INFO][SyncEngineBackend::LoadAndConnectNigoriController] Load and connect Nigori controller
2025-07-10 02:26:52.784: [INFO][SyncEngineBackend::DoInitialize] Control Types added: Encryption Keys
2025-07-10 02:26:52.784: [INFO][SyncManagerImpl::ConfigureSyncer] Types to download: Encryption Keys with reason: 3
2025-07-10 02:26:52.784: [INFO][SyncSchedulerImpl::DoConfigurationSyncCycleJob] Configure job was blocked
2025-07-10 02:26:52.821: [INFO][SyncAuthManager::SetLastAuthError] Current auth error: None
2025-07-10 02:26:52.821: [INFO][SyncAuthManager::EdgeLogTokenErrorState] Token error with: None for account type: MSA
2025-07-10 02:26:52.821: [INFO][Sync] Credentials changed for: EdgeSyncScopeNew
2025-07-10 02:26:54.055: [INFO][SyncAuthManager::SetLastAuthError] Current auth error: None
2025-07-10 02:26:54.055: [INFO][SyncAuthManager::EdgeLogTokenErrorState] Token error with: None for account type: MSA
2025-07-10 02:26:54.055: [INFO][Sync] Credentials changed for: EdgeSyncKeyDataScope
2025-07-10 02:26:54.056: [INFO][SyncEngineBackend::DoUpdateKeyDataCredentials] Update key data credentials
2025-07-10 02:26:54.056: [INFO][SyncEngineBackend::DoUpdateCredentials] Update credentials
2025-07-10 02:26:54.056: [INFO][SyncSchedulerImpl::DoConfigurationSyncCycleJob] Blocked types:  and types to download: Encryption Keys
2025-07-10 02:26:54.421: [INFO][Sync] Started DataTypeManager configuration, reason: 4
2025-07-10 02:26:54.421: [INFO][Sync] Configuring for: Bookmarks, Preferences, Passwords, Autofill Profiles, Autofill, Extensions, Sessions, Extension settings, History Delete Directives, Device Info, User Consents, Send Tab To Self, Web Apps, History, Saved Tab Group, WebAuthn Credentials, Collection, Edge E Drop, Edge Hub App Usage, Edge Wallet, Encryption Keys, reason: 4, current state: 0
2025-07-10 02:26:54.421: [WARN][Sync] Crypto error data types: Passwords, Autofill Profiles, Autofill
2025-07-10 02:26:54.423: [INFO][Sync] Configure, desired: Bookmarks, Preferences, Extensions, Sessions, Extension settings, History Delete Directives, Device Info, User Consents, Send Tab To Self, Web Apps, History, Saved Tab Group, WebAuthn Credentials, Collection, Edge E Drop, Edge Hub App Usage, Edge Wallet, Encryption Keys; Allow fail: Passwords, Autofill Profiles, Autofill
2025-07-10 02:26:54.423: [INFO][Sync] Loading: Bookmarks
2025-07-10 02:26:54.423: [INFO][Sync] Loading: Preferences
2025-07-10 02:26:54.423: [INFO][Sync] Loading: Extensions
2025-07-10 02:26:54.423: [INFO][Sync] Loading: Sessions
2025-07-10 02:26:54.423: [INFO][Sync] Loading: Extension settings
2025-07-10 02:26:54.423: [INFO][Sync] Loading: History Delete Directives
2025-07-10 02:26:54.423: [INFO][Sync] Loading: Device Info
2025-07-10 02:26:54.423: [INFO][Sync] Loading: User Consents
2025-07-10 02:26:54.423: [INFO][Sync] Loading: Send Tab To Self
2025-07-10 02:26:54.423: [INFO][Sync] Loading: Web Apps
2025-07-10 02:26:54.423: [INFO][Sync] Loading: History
2025-07-10 02:26:54.423: [INFO][Sync] Loading: Saved Tab Group
2025-07-10 02:26:54.423: [INFO][Sync] Loading: WebAuthn Credentials
2025-07-10 02:26:54.423: [INFO][Sync] Loading: Collection
2025-07-10 02:26:54.423: [INFO][Sync] Loading: Edge E Drop
2025-07-10 02:26:54.423: [INFO][Sync] Loading: Edge Hub App Usage
2025-07-10 02:26:54.423: [INFO][Sync] Loading: Edge Wallet
2025-07-10 02:26:54.428: [INFO][Sync] All data types are ready for configure.
2025-07-10 02:26:55.292: [INFO][Sync] Started DataTypeManager configuration, reason: 5
2025-07-10 02:26:55.292: [INFO][Sync] Configuring for: Bookmarks, Preferences, Passwords, Autofill Profiles, Autofill, Extensions, Sessions, Extension settings, History Delete Directives, Device Info, User Consents, Send Tab To Self, Web Apps, History, Saved Tab Group, WebAuthn Credentials, Collection, Edge E Drop, Edge Hub App Usage, Edge Wallet, Encryption Keys, reason: 5, current state: 1
2025-07-10 02:26:55.300: [INFO][SyncEngineBackend::DoStartConfiguration] Start configuration
2025-07-10 02:26:55.300: [INFO][SyncManagerImpl::ConfigureSyncer] Types to download:  with reason: 4
2025-07-10 02:26:55.300: [INFO][SyncEngineBackend::DoFinishConfigureDataTypes] Failed to download types:  and succeeded types: 
2025-07-10 02:26:55.300: [INFO][Sync] ConfigurationDone, failed: , succeeded: , remaining count: 4
2025-07-10 02:26:55.300: [WARN][Sync]     Reconfigure requested while configuration ongoing.
2025-07-10 02:26:55.300: [INFO][Sync] Configuring for: Bookmarks, Preferences, Passwords, Autofill Profiles, Autofill, Extensions, Sessions, Extension settings, History Delete Directives, Device Info, User Consents, Send Tab To Self, Web Apps, History, Saved Tab Group, WebAuthn Credentials, Collection, Edge E Drop, Edge Hub App Usage, Edge Wallet, Encryption Keys, reason: 5, current state: 2
2025-07-10 02:26:55.300: [INFO][Sync] Configure, desired: Bookmarks, Preferences, Passwords, Autofill Profiles, Autofill, Extensions, Sessions, Extension settings, History Delete Directives, Device Info, User Consents, Send Tab To Self, Web Apps, History, Saved Tab Group, WebAuthn Credentials, Collection, Edge E Drop, Edge Hub App Usage, Edge Wallet, Encryption Keys; Allow fail: 
2025-07-10 02:26:55.300: [INFO][Sync] Loading: Passwords
2025-07-10 02:26:55.300: [INFO][Sync] Loading: Autofill Profiles
2025-07-10 02:26:55.300: [INFO][Sync] Loading: Autofill
2025-07-10 02:26:55.300: [INFO][Sync] All data types are ready for configure.
2025-07-10 02:26:55.301: [INFO][SyncManagerImpl::NudgeForInitialDownload] Initial download nudge for Passwords
2025-07-10 02:26:55.301: [INFO][SyncManagerImpl::ConfigureSyncer] Types to download:  with reason: 5
2025-07-10 02:26:55.301: [INFO][SyncEngineBackend::DoFinishConfigureDataTypes] Failed to download types:  and succeeded types: 
2025-07-10 02:26:55.301: [INFO][Sync] ConfigurationDone, failed: , succeeded: , remaining count: 4
2025-07-10 02:26:55.301: [INFO][Sync] Prepare to configure types: Passwords, Encryption Keys
2025-07-10 02:26:55.301: [INFO][SyncManagerImpl::ConfigureSyncer] Types to download: Passwords, Encryption Keys with reason: 5
2025-07-10 02:26:55.301: [INFO][SyncSchedulerImpl::DoConfigurationSyncCycleJob] Blocked types:  and types to download: Passwords, Encryption Keys
2025-07-10 02:26:56.029: [INFO][SyncEngineBackend::DoFinishConfigureDataTypes] Failed to download types:  and succeeded types: Passwords, Encryption Keys
2025-07-10 02:26:56.030: [INFO][Sync] ConfigurationDone, failed: , succeeded: Passwords, Encryption Keys, remaining count: 3
2025-07-10 02:26:56.030: [INFO][SyncManagerImpl::ConfigureSyncer] Types to download:  with reason: 5
2025-07-10 02:26:56.030: [INFO][SyncEngineBackend::DoFinishConfigureDataTypes] Failed to download types:  and succeeded types: 
2025-07-10 02:26:56.032: [INFO][Sync] ConfigurationDone, failed: , succeeded: , remaining count: 2
2025-07-10 02:26:56.032: [INFO][SyncManagerImpl::ConfigureSyncer] Types to download:  with reason: 5
2025-07-10 02:26:56.032: [INFO][SyncEngineBackend::DoFinishConfigureDataTypes] Failed to download types:  and succeeded types: 
2025-07-10 02:26:56.033: [INFO][Sync] ConfigurationDone, failed: , succeeded: , remaining count: 1
2025-07-10 02:26:56.034: [INFO][SyncManagerImpl::ConfigureSyncer] Types to download:  with reason: 5
2025-07-10 02:26:56.034: [INFO][SyncEngineBackend::DoFinishConfigureDataTypes] Failed to download types:  and succeeded types: 
2025-07-10 02:26:56.034: [INFO][Sync] ConfigurationDone, failed: , succeeded: , remaining count: 0
2025-07-10 02:26:56.035: [INFO][Sync]     Configuration completed, state: 7
2025-07-10 02:26:56.035: [INFO][Sync] Configured DataTypeManager: Ok
2025-07-10 02:26:56.037: [INFO][SyncEngineBackend::DoStartSyncing] Start syncing
2025-07-10 02:28:57.826: [INFO][Sync] Reset engine, reason: 0
2025-07-10 02:28:57.826: [INFO][Sync] Reset engine with reason: 0
